CRITICAL - 2025-12-23 06:13:19 --> ErrorException: Undefined variable $message
[Method: GET, Route: /]
in APPPATH\Views\errors\html\error_404.php on line 77.
 1 APPPATH\Views\errors\html\error_404.php(77): CodeIgniter\Debug\Exceptions->errorHandler(2, 'Undefined variable $message', 'C:\\laragon\\www\\DataStat\\app\\Views\\errors\\html\\error_404.php', 77)
 2 SYSTEMPATH\View\View.php(234): include('C:\\laragon\\www\\DataStat\\app\\Views\\errors\\html\\error_404.php')
 3 SYSTEMPATH\View\View.php(237): CodeIgniter\View\View->CodeIgniter\View\{closure}()
 4 SYSTEMPATH\Common.php(1171): CodeIgniter\View\View->render('errors/html/error_404', [], true)
 5 APPPATH\Config\Routes.php(299): view('errors/html/error_404')
 6 SYSTEMPATH\CodeIgniter.php(955): CodeIgniter\Router\RouteCollection->{closure}('Can\'t find a route for \'GET: /\'.')
 7 SYSTEMPATH\CodeIgniter.php(364): CodeIgniter\CodeIgniter->display404errors(Object(CodeIgniter\Exceptions\PageNotFoundException))
 8 SYSTEMPATH\Boot.php(325): CodeIgniter\CodeIgniter->run()
 9 SYSTEMPATH\Boot.php(67): CodeIgniter\Boot::runCodeIgniter(Object(CodeIgniter\CodeIgniter))
10 FCPATH\index.php(56): CodeIgniter\Boot::bootWeb(Object(Config\Paths))
11 SYSTEMPATH\rewrite.php(44): require_once('C:\\laragon\\www\\DataStat\\public\\index.php')
INFO - 2025-12-23 06:13:34 --> Session: Class initialized using 'CodeIgniter\Session\Handlers\FileHandler' driver.
CRITICAL - 2025-12-23 06:13:37 --> ErrorException: Undefined variable $message
[Method: GET, Route: favicon.png]
in APPPATH\Views\errors\html\error_404.php on line 77.
 1 APPPATH\Views\errors\html\error_404.php(77): CodeIgniter\Debug\Exceptions->errorHandler(2, 'Undefined variable $message', 'C:\\laragon\\www\\DataStat\\app\\Views\\errors\\html\\error_404.php', 77)
 2 SYSTEMPATH\View\View.php(234): include('C:\\laragon\\www\\DataStat\\app\\Views\\errors\\html\\error_404.php')
 3 SYSTEMPATH\View\View.php(237): CodeIgniter\View\View->CodeIgniter\View\{closure}()
 4 SYSTEMPATH\Common.php(1171): CodeIgniter\View\View->render('errors/html/error_404', [], true)
 5 APPPATH\Config\Routes.php(298): view('errors/html/error_404')
 6 SYSTEMPATH\CodeIgniter.php(955): CodeIgniter\Router\RouteCollection->{closure}('Can\'t find a route for \'GET: favicon.png\'.')
 7 SYSTEMPATH\CodeIgniter.php(364): CodeIgniter\CodeIgniter->display404errors(Object(CodeIgniter\Exceptions\PageNotFoundException))
 8 SYSTEMPATH\Boot.php(325): CodeIgniter\CodeIgniter->run()
 9 SYSTEMPATH\Boot.php(67): CodeIgniter\Boot::runCodeIgniter(Object(CodeIgniter\CodeIgniter))
10 FCPATH\index.php(56): CodeIgniter\Boot::bootWeb(Object(Config\Paths))
11 SYSTEMPATH\rewrite.php(44): require_once('C:\\laragon\\www\\DataStat\\public\\index.php')
CRITICAL - 2025-12-23 06:13:53 --> ErrorException: Undefined variable $message
[Method: GET, Route: /]
in APPPATH\Views\errors\html\error_404.php on line 77.
 1 APPPATH\Views\errors\html\error_404.php(77): CodeIgniter\Debug\Exceptions->errorHandler(2, 'Undefined variable $message', 'C:\\laragon\\www\\DataStat\\app\\Views\\errors\\html\\error_404.php', 77)
 2 SYSTEMPATH\View\View.php(234): include('C:\\laragon\\www\\DataStat\\app\\Views\\errors\\html\\error_404.php')
 3 SYSTEMPATH\View\View.php(237): CodeIgniter\View\View->CodeIgniter\View\{closure}()
 4 SYSTEMPATH\Common.php(1171): CodeIgniter\View\View->render('errors/html/error_404', [], true)
 5 APPPATH\Config\Routes.php(291): view('errors/html/error_404')
 6 SYSTEMPATH\CodeIgniter.php(955): CodeIgniter\Router\RouteCollection->{closure}('Can\'t find a route for \'GET: /\'.')
 7 SYSTEMPATH\CodeIgniter.php(364): CodeIgniter\CodeIgniter->display404errors(Object(CodeIgniter\Exceptions\PageNotFoundException))
 8 SYSTEMPATH\Boot.php(325): CodeIgniter\CodeIgniter->run()
 9 SYSTEMPATH\Boot.php(67): CodeIgniter\Boot::runCodeIgniter(Object(CodeIgniter\CodeIgniter))
10 FCPATH\index.php(56): CodeIgniter\Boot::bootWeb(Object(Config\Paths))
11 SYSTEMPATH\rewrite.php(44): require_once('C:\\laragon\\www\\DataStat\\public\\index.php')
INFO - 2025-12-23 06:14:54 --> Session: Class initialized using 'CodeIgniter\Session\Handlers\FileHandler' driver.
CRITICAL - 2025-12-23 06:14:55 --> ErrorException: Undefined variable $message
[Method: GET, Route: favicon.png]
in APPPATH\Views\errors\html\error_404.php on line 77.
 1 APPPATH\Views\errors\html\error_404.php(77): CodeIgniter\Debug\Exceptions->errorHandler(2, 'Undefined variable $message', 'C:\\laragon\\www\\DataStat\\app\\Views\\errors\\html\\error_404.php', 77)
 2 SYSTEMPATH\View\View.php(234): include('C:\\laragon\\www\\DataStat\\app\\Views\\errors\\html\\error_404.php')
 3 SYSTEMPATH\View\View.php(237): CodeIgniter\View\View->CodeIgniter\View\{closure}()
 4 SYSTEMPATH\Common.php(1171): CodeIgniter\View\View->render('errors/html/error_404', [], true)
 5 APPPATH\Config\Routes.php(298): view('errors/html/error_404')
 6 SYSTEMPATH\CodeIgniter.php(955): CodeIgniter\Router\RouteCollection->{closure}('Can\'t find a route for \'GET: favicon.png\'.')
 7 SYSTEMPATH\CodeIgniter.php(364): CodeIgniter\CodeIgniter->display404errors(Object(CodeIgniter\Exceptions\PageNotFoundException))
 8 SYSTEMPATH\Boot.php(325): CodeIgniter\CodeIgniter->run()
 9 SYSTEMPATH\Boot.php(67): CodeIgniter\Boot::runCodeIgniter(Object(CodeIgniter\CodeIgniter))
10 FCPATH\index.php(56): CodeIgniter\Boot::bootWeb(Object(Config\Paths))
11 SYSTEMPATH\rewrite.php(44): require_once('C:\\laragon\\www\\DataStat\\public\\index.php')
INFO - 2025-12-23 06:14:57 --> Session: Class initialized using 'CodeIgniter\Session\Handlers\FileHandler' driver.
CRITICAL - 2025-12-23 06:14:58 --> ErrorException: Undefined variable $message
[Method: GET, Route: favicon.png]
in APPPATH\Views\errors\html\error_404.php on line 77.
 1 APPPATH\Views\errors\html\error_404.php(77): CodeIgniter\Debug\Exceptions->errorHandler(2, 'Undefined variable $message', 'C:\\laragon\\www\\DataStat\\app\\Views\\errors\\html\\error_404.php', 77)
 2 SYSTEMPATH\View\View.php(234): include('C:\\laragon\\www\\DataStat\\app\\Views\\errors\\html\\error_404.php')
 3 SYSTEMPATH\View\View.php(237): CodeIgniter\View\View->CodeIgniter\View\{closure}()
 4 SYSTEMPATH\Common.php(1171): CodeIgniter\View\View->render('errors/html/error_404', [], true)
 5 APPPATH\Config\Routes.php(298): view('errors/html/error_404')
 6 SYSTEMPATH\CodeIgniter.php(955): CodeIgniter\Router\RouteCollection->{closure}('Can\'t find a route for \'GET: favicon.png\'.')
 7 SYSTEMPATH\CodeIgniter.php(364): CodeIgniter\CodeIgniter->display404errors(Object(CodeIgniter\Exceptions\PageNotFoundException))
 8 SYSTEMPATH\Boot.php(325): CodeIgniter\CodeIgniter->run()
 9 SYSTEMPATH\Boot.php(67): CodeIgniter\Boot::runCodeIgniter(Object(CodeIgniter\CodeIgniter))
10 FCPATH\index.php(56): CodeIgniter\Boot::bootWeb(Object(Config\Paths))
11 SYSTEMPATH\rewrite.php(44): require_once('C:\\laragon\\www\\DataStat\\public\\index.php')
INFO - 2025-12-23 06:15:22 --> Session: Class initialized using 'CodeIgniter\Session\Handlers\FileHandler' driver.
INFO - 2025-12-23 06:15:23 --> Session: Class initialized using 'CodeIgniter\Session\Handlers\FileHandler' driver.
CRITICAL - 2025-12-23 06:15:24 --> ErrorException: Undefined variable $message
[Method: GET, Route: favicon.png]
in APPPATH\Views\errors\html\error_404.php on line 77.
 1 APPPATH\Views\errors\html\error_404.php(77): CodeIgniter\Debug\Exceptions->errorHandler(2, 'Undefined variable $message', 'C:\\laragon\\www\\DataStat\\app\\Views\\errors\\html\\error_404.php', 77)
 2 SYSTEMPATH\View\View.php(234): include('C:\\laragon\\www\\DataStat\\app\\Views\\errors\\html\\error_404.php')
 3 SYSTEMPATH\View\View.php(237): CodeIgniter\View\View->CodeIgniter\View\{closure}()
 4 SYSTEMPATH\Common.php(1171): CodeIgniter\View\View->render('errors/html/error_404', [], true)
 5 APPPATH\Config\Routes.php(298): view('errors/html/error_404')
 6 SYSTEMPATH\CodeIgniter.php(955): CodeIgniter\Router\RouteCollection->{closure}('Can\'t find a route for \'GET: favicon.png\'.')
 7 SYSTEMPATH\CodeIgniter.php(364): CodeIgniter\CodeIgniter->display404errors(Object(CodeIgniter\Exceptions\PageNotFoundException))
 8 SYSTEMPATH\Boot.php(325): CodeIgniter\CodeIgniter->run()
 9 SYSTEMPATH\Boot.php(67): CodeIgniter\Boot::runCodeIgniter(Object(CodeIgniter\CodeIgniter))
10 FCPATH\index.php(56): CodeIgniter\Boot::bootWeb(Object(Config\Paths))
11 SYSTEMPATH\rewrite.php(44): require_once('C:\\laragon\\www\\DataStat\\public\\index.php')
INFO - 2025-12-23 06:15:30 --> Session: Class initialized using 'CodeIgniter\Session\Handlers\FileHandler' driver.
CRITICAL - 2025-12-23 06:15:31 --> ErrorException: Undefined variable $message
[Method: GET, Route: favicon.png]
in APPPATH\Views\errors\html\error_404.php on line 77.
 1 APPPATH\Views\errors\html\error_404.php(77): CodeIgniter\Debug\Exceptions->errorHandler(2, 'Undefined variable $message', 'C:\\laragon\\www\\DataStat\\app\\Views\\errors\\html\\error_404.php', 77)
 2 SYSTEMPATH\View\View.php(234): include('C:\\laragon\\www\\DataStat\\app\\Views\\errors\\html\\error_404.php')
 3 SYSTEMPATH\View\View.php(237): CodeIgniter\View\View->CodeIgniter\View\{closure}()
 4 SYSTEMPATH\Common.php(1171): CodeIgniter\View\View->render('errors/html/error_404', [], true)
 5 APPPATH\Config\Routes.php(298): view('errors/html/error_404')
 6 SYSTEMPATH\CodeIgniter.php(955): CodeIgniter\Router\RouteCollection->{closure}('Can\'t find a route for \'GET: favicon.png\'.')
 7 SYSTEMPATH\CodeIgniter.php(364): CodeIgniter\CodeIgniter->display404errors(Object(CodeIgniter\Exceptions\PageNotFoundException))
 8 SYSTEMPATH\Boot.php(325): CodeIgniter\CodeIgniter->run()
 9 SYSTEMPATH\Boot.php(67): CodeIgniter\Boot::runCodeIgniter(Object(CodeIgniter\CodeIgniter))
10 FCPATH\index.php(56): CodeIgniter\Boot::bootWeb(Object(Config\Paths))
11 SYSTEMPATH\rewrite.php(44): require_once('C:\\laragon\\www\\DataStat\\public\\index.php')
INFO - 2025-12-23 06:15:37 --> Session: Class initialized using 'CodeIgniter\Session\Handlers\FileHandler' driver.
INFO - 2025-12-23 06:15:37 --> Session: Class initialized using 'CodeIgniter\Session\Handlers\FileHandler' driver.
CRITICAL - 2025-12-23 06:15:38 --> ErrorException: Undefined variable $message
[Method: GET, Route: favicon.png]
in APPPATH\Views\errors\html\error_404.php on line 77.
 1 APPPATH\Views\errors\html\error_404.php(77): CodeIgniter\Debug\Exceptions->errorHandler(2, 'Undefined variable $message', 'C:\\laragon\\www\\DataStat\\app\\Views\\errors\\html\\error_404.php', 77)
 2 SYSTEMPATH\View\View.php(234): include('C:\\laragon\\www\\DataStat\\app\\Views\\errors\\html\\error_404.php')
 3 SYSTEMPATH\View\View.php(237): CodeIgniter\View\View->CodeIgniter\View\{closure}()
 4 SYSTEMPATH\Common.php(1171): CodeIgniter\View\View->render('errors/html/error_404', [], true)
 5 APPPATH\Config\Routes.php(298): view('errors/html/error_404')
 6 SYSTEMPATH\CodeIgniter.php(955): CodeIgniter\Router\RouteCollection->{closure}('Can\'t find a route for \'GET: favicon.png\'.')
 7 SYSTEMPATH\CodeIgniter.php(364): CodeIgniter\CodeIgniter->display404errors(Object(CodeIgniter\Exceptions\PageNotFoundException))
 8 SYSTEMPATH\Boot.php(325): CodeIgniter\CodeIgniter->run()
 9 SYSTEMPATH\Boot.php(67): CodeIgniter\Boot::runCodeIgniter(Object(CodeIgniter\CodeIgniter))
10 FCPATH\index.php(56): CodeIgniter\Boot::bootWeb(Object(Config\Paths))
11 SYSTEMPATH\rewrite.php(44): require_once('C:\\laragon\\www\\DataStat\\public\\index.php')
INFO - 2025-12-23 06:15:49 --> Session: Class initialized using 'CodeIgniter\Session\Handlers\FileHandler' driver.
CRITICAL - 2025-12-23 06:15:50 --> ErrorException: Undefined variable $message
[Method: GET, Route: favicon.png]
in APPPATH\Views\errors\html\error_404.php on line 77.
 1 APPPATH\Views\errors\html\error_404.php(77): CodeIgniter\Debug\Exceptions->errorHandler(2, 'Undefined variable $message', 'C:\\laragon\\www\\DataStat\\app\\Views\\errors\\html\\error_404.php', 77)
 2 SYSTEMPATH\View\View.php(234): include('C:\\laragon\\www\\DataStat\\app\\Views\\errors\\html\\error_404.php')
 3 SYSTEMPATH\View\View.php(237): CodeIgniter\View\View->CodeIgniter\View\{closure}()
 4 SYSTEMPATH\Common.php(1171): CodeIgniter\View\View->render('errors/html/error_404', [], true)
 5 APPPATH\Config\Routes.php(298): view('errors/html/error_404')
 6 SYSTEMPATH\CodeIgniter.php(955): CodeIgniter\Router\RouteCollection->{closure}('Can\'t find a route for \'GET: favicon.png\'.')
 7 SYSTEMPATH\CodeIgniter.php(364): CodeIgniter\CodeIgniter->display404errors(Object(CodeIgniter\Exceptions\PageNotFoundException))
 8 SYSTEMPATH\Boot.php(325): CodeIgniter\CodeIgniter->run()
 9 SYSTEMPATH\Boot.php(67): CodeIgniter\Boot::runCodeIgniter(Object(CodeIgniter\CodeIgniter))
10 FCPATH\index.php(56): CodeIgniter\Boot::bootWeb(Object(Config\Paths))
11 SYSTEMPATH\rewrite.php(44): require_once('C:\\laragon\\www\\DataStat\\public\\index.php')
CRITICAL - 2025-12-23 06:15:53 --> ErrorException: Undefined variable $message
[Method: GET, Route: .well-known/appspecific/com.chrome.devtools.json]
in APPPATH\Views\errors\html\error_404.php on line 77.
 1 APPPATH\Views\errors\html\error_404.php(77): CodeIgniter\Debug\Exceptions->errorHandler(2, 'Undefined variable $message', 'C:\\laragon\\www\\DataStat\\app\\Views\\errors\\html\\error_404.php', 77)
 2 SYSTEMPATH\View\View.php(234): include('C:\\laragon\\www\\DataStat\\app\\Views\\errors\\html\\error_404.php')
 3 SYSTEMPATH\View\View.php(237): CodeIgniter\View\View->CodeIgniter\View\{closure}()
 4 SYSTEMPATH\Common.php(1171): CodeIgniter\View\View->render('errors/html/error_404', [], true)
 5 APPPATH\Config\Routes.php(298): view('errors/html/error_404')
 6 SYSTEMPATH\CodeIgniter.php(955): CodeIgniter\Router\RouteCollection->{closure}('Can\'t find a route for \'GET: .well-known/appspecific/com.chrome.devtools.json\'.')
 7 SYSTEMPATH\CodeIgniter.php(364): CodeIgniter\CodeIgniter->display404errors(Object(CodeIgniter\Exceptions\PageNotFoundException))
 8 SYSTEMPATH\Boot.php(325): CodeIgniter\CodeIgniter->run()
 9 SYSTEMPATH\Boot.php(67): CodeIgniter\Boot::runCodeIgniter(Object(CodeIgniter\CodeIgniter))
10 FCPATH\index.php(56): CodeIgniter\Boot::bootWeb(Object(Config\Paths))
11 SYSTEMPATH\rewrite.php(44): require_once('C:\\laragon\\www\\DataStat\\public\\index.php')
INFO - 2025-12-23 06:15:56 --> Session: Class initialized using 'CodeIgniter\Session\Handlers\FileHandler' driver.
CRITICAL - 2025-12-23 06:15:56 --> ErrorException: Undefined variable $message
[Method: GET, Route: .well-known/appspecific/com.chrome.devtools.json]
in APPPATH\Views\errors\html\error_404.php on line 77.
 1 APPPATH\Views\errors\html\error_404.php(77): CodeIgniter\Debug\Exceptions->errorHandler(2, 'Undefined variable $message', 'C:\\laragon\\www\\DataStat\\app\\Views\\errors\\html\\error_404.php', 77)
 2 SYSTEMPATH\View\View.php(234): include('C:\\laragon\\www\\DataStat\\app\\Views\\errors\\html\\error_404.php')
 3 SYSTEMPATH\View\View.php(237): CodeIgniter\View\View->CodeIgniter\View\{closure}()
 4 SYSTEMPATH\Common.php(1171): CodeIgniter\View\View->render('errors/html/error_404', [], true)
 5 APPPATH\Config\Routes.php(298): view('errors/html/error_404')
 6 SYSTEMPATH\CodeIgniter.php(955): CodeIgniter\Router\RouteCollection->{closure}('Can\'t find a route for \'GET: .well-known/appspecific/com.chrome.devtools.json\'.')
 7 SYSTEMPATH\CodeIgniter.php(364): CodeIgniter\CodeIgniter->display404errors(Object(CodeIgniter\Exceptions\PageNotFoundException))
 8 SYSTEMPATH\Boot.php(325): CodeIgniter\CodeIgniter->run()
 9 SYSTEMPATH\Boot.php(67): CodeIgniter\Boot::runCodeIgniter(Object(CodeIgniter\CodeIgniter))
10 FCPATH\index.php(56): CodeIgniter\Boot::bootWeb(Object(Config\Paths))
11 SYSTEMPATH\rewrite.php(44): require_once('C:\\laragon\\www\\DataStat\\public\\index.php')
CRITICAL - 2025-12-23 06:15:57 --> ErrorException: Undefined variable $message
[Method: GET, Route: favicon.png]
in APPPATH\Views\errors\html\error_404.php on line 77.
 1 APPPATH\Views\errors\html\error_404.php(77): CodeIgniter\Debug\Exceptions->errorHandler(2, 'Undefined variable $message', 'C:\\laragon\\www\\DataStat\\app\\Views\\errors\\html\\error_404.php', 77)
 2 SYSTEMPATH\View\View.php(234): include('C:\\laragon\\www\\DataStat\\app\\Views\\errors\\html\\error_404.php')
 3 SYSTEMPATH\View\View.php(237): CodeIgniter\View\View->CodeIgniter\View\{closure}()
 4 SYSTEMPATH\Common.php(1171): CodeIgniter\View\View->render('errors/html/error_404', [], true)
 5 APPPATH\Config\Routes.php(298): view('errors/html/error_404')
 6 SYSTEMPATH\CodeIgniter.php(955): CodeIgniter\Router\RouteCollection->{closure}('Can\'t find a route for \'GET: favicon.png\'.')
 7 SYSTEMPATH\CodeIgniter.php(364): CodeIgniter\CodeIgniter->display404errors(Object(CodeIgniter\Exceptions\PageNotFoundException))
 8 SYSTEMPATH\Boot.php(325): CodeIgniter\CodeIgniter->run()
 9 SYSTEMPATH\Boot.php(67): CodeIgniter\Boot::runCodeIgniter(Object(CodeIgniter\CodeIgniter))
10 FCPATH\index.php(56): CodeIgniter\Boot::bootWeb(Object(Config\Paths))
11 SYSTEMPATH\rewrite.php(44): require_once('C:\\laragon\\www\\DataStat\\public\\index.php')
INFO - 2025-12-23 06:18:11 --> Session: Class initialized using 'CodeIgniter\Session\Handlers\FileHandler' driver.
CRITICAL - 2025-12-23 06:18:12 --> ErrorException: Undefined variable $message
[Method: GET, Route: .well-known/appspecific/com.chrome.devtools.json]
in APPPATH\Views\errors\html\error_404.php on line 77.
 1 APPPATH\Views\errors\html\error_404.php(77): CodeIgniter\Debug\Exceptions->errorHandler(2, 'Undefined variable $message', 'C:\\laragon\\www\\DataStat\\app\\Views\\errors\\html\\error_404.php', 77)
 2 SYSTEMPATH\View\View.php(234): include('C:\\laragon\\www\\DataStat\\app\\Views\\errors\\html\\error_404.php')
 3 SYSTEMPATH\View\View.php(237): CodeIgniter\View\View->CodeIgniter\View\{closure}()
 4 SYSTEMPATH\Common.php(1171): CodeIgniter\View\View->render('errors/html/error_404', [], true)
 5 APPPATH\Config\Routes.php(298): view('errors/html/error_404')
 6 SYSTEMPATH\CodeIgniter.php(955): CodeIgniter\Router\RouteCollection->{closure}('Can\'t find a route for \'GET: .well-known/appspecific/com.chrome.devtools.json\'.')
 7 SYSTEMPATH\CodeIgniter.php(364): CodeIgniter\CodeIgniter->display404errors(Object(CodeIgniter\Exceptions\PageNotFoundException))
 8 SYSTEMPATH\Boot.php(325): CodeIgniter\CodeIgniter->run()
 9 SYSTEMPATH\Boot.php(67): CodeIgniter\Boot::runCodeIgniter(Object(CodeIgniter\CodeIgniter))
10 FCPATH\index.php(56): CodeIgniter\Boot::bootWeb(Object(Config\Paths))
11 SYSTEMPATH\rewrite.php(44): require_once('C:\\laragon\\www\\DataStat\\public\\index.php')
CRITICAL - 2025-12-23 06:18:13 --> ErrorException: Undefined variable $message
[Method: GET, Route: favicon.png]
in APPPATH\Views\errors\html\error_404.php on line 77.
 1 APPPATH\Views\errors\html\error_404.php(77): CodeIgniter\Debug\Exceptions->errorHandler(2, 'Undefined variable $message', 'C:\\laragon\\www\\DataStat\\app\\Views\\errors\\html\\error_404.php', 77)
 2 SYSTEMPATH\View\View.php(234): include('C:\\laragon\\www\\DataStat\\app\\Views\\errors\\html\\error_404.php')
 3 SYSTEMPATH\View\View.php(237): CodeIgniter\View\View->CodeIgniter\View\{closure}()
 4 SYSTEMPATH\Common.php(1171): CodeIgniter\View\View->render('errors/html/error_404', [], true)
 5 APPPATH\Config\Routes.php(298): view('errors/html/error_404')
 6 SYSTEMPATH\CodeIgniter.php(955): CodeIgniter\Router\RouteCollection->{closure}('Can\'t find a route for \'GET: favicon.png\'.')
 7 SYSTEMPATH\CodeIgniter.php(364): CodeIgniter\CodeIgniter->display404errors(Object(CodeIgniter\Exceptions\PageNotFoundException))
 8 SYSTEMPATH\Boot.php(325): CodeIgniter\CodeIgniter->run()
 9 SYSTEMPATH\Boot.php(67): CodeIgniter\Boot::runCodeIgniter(Object(CodeIgniter\CodeIgniter))
10 FCPATH\index.php(56): CodeIgniter\Boot::bootWeb(Object(Config\Paths))
11 SYSTEMPATH\rewrite.php(44): require_once('C:\\laragon\\www\\DataStat\\public\\index.php')
ERROR - 2025-12-23 06:21:37 --> mysqli_sql_exception: Unknown column 'display_name' in 'field list' in C:\laragon\www\DataStat\system\Database\MySQLi\Connection.php:312
Stack trace:
#0 C:\laragon\www\DataStat\system\Database\MySQLi\Connection.php(312): mysqli->query('INSERT INTO `ro...', 0)
#1 C:\laragon\www\DataStat\system\Database\BaseConnection.php(734): CodeIgniter\Database\MySQLi\Connection->execute('INSERT INTO `ro...')
#2 C:\laragon\www\DataStat\system\Database\BaseConnection.php(648): CodeIgniter\Database\BaseConnection->simpleQuery('INSERT INTO `ro...')
#3 C:\laragon\www\DataStat\system\Database\BaseBuilder.php(1836): CodeIgniter\Database\BaseConnection->query('INSERT INTO `ro...', NULL, false)
#4 C:\laragon\www\DataStat\system\Database\BaseBuilder.php(2225): CodeIgniter\Database\BaseBuilder->batchExecute('_insertBatch', 100)
#5 C:\laragon\www\DataStat\app\Database\Seeds\InitialSeeder.php(67): CodeIgniter\Database\BaseBuilder->insertBatch(Array)
#6 C:\laragon\www\DataStat\system\Database\Seeder.php(147): App\Database\Seeds\InitialSeeder->run()
#7 C:\laragon\www\DataStat\system\Commands\Database\Seed.php(79): CodeIgniter\Database\Seeder->call('App\\Database\\Se...')
#8 C:\laragon\www\DataStat\system\CLI\Commands.php(70): CodeIgniter\Commands\Database\Seed->run(Array)
#9 C:\laragon\www\DataStat\system\CLI\Console.php(48): CodeIgniter\CLI\Commands->run('db:seed', Array)
#10 C:\laragon\www\DataStat\system\Boot.php(351): CodeIgniter\CLI\Console->run()
#11 C:\laragon\www\DataStat\system\Boot.php(104): CodeIgniter\Boot::runCommand(Object(CodeIgniter\CLI\Console))
#12 C:\laragon\www\DataStat\spark(84): CodeIgniter\Boot::bootSpark(Object(Config\Paths))
#13 {main}
ERROR - 2025-12-23 06:21:46 --> mysqli_sql_exception: Unknown column 'display_name' in 'field list' in C:\laragon\www\DataStat\system\Database\MySQLi\Connection.php:312
Stack trace:
#0 C:\laragon\www\DataStat\system\Database\MySQLi\Connection.php(312): mysqli->query('INSERT INTO `ro...', 0)
#1 C:\laragon\www\DataStat\system\Database\BaseConnection.php(734): CodeIgniter\Database\MySQLi\Connection->execute('INSERT INTO `ro...')
#2 C:\laragon\www\DataStat\system\Database\BaseConnection.php(648): CodeIgniter\Database\BaseConnection->simpleQuery('INSERT INTO `ro...')
#3 C:\laragon\www\DataStat\system\Database\BaseBuilder.php(1836): CodeIgniter\Database\BaseConnection->query('INSERT INTO `ro...', NULL, false)
#4 C:\laragon\www\DataStat\system\Database\BaseBuilder.php(2225): CodeIgniter\Database\BaseBuilder->batchExecute('_insertBatch', 100)
#5 C:\laragon\www\DataStat\app\Database\Seeds\InitialSeeder.php(67): CodeIgniter\Database\BaseBuilder->insertBatch(Array)
#6 C:\laragon\www\DataStat\system\Database\Seeder.php(147): App\Database\Seeds\InitialSeeder->run()
#7 C:\laragon\www\DataStat\system\Commands\Database\Seed.php(79): CodeIgniter\Database\Seeder->call('App\\Database\\Se...')
#8 C:\laragon\www\DataStat\system\CLI\Commands.php(70): CodeIgniter\Commands\Database\Seed->run(Array)
#9 C:\laragon\www\DataStat\system\CLI\Console.php(48): CodeIgniter\CLI\Commands->run('db:seed', Array)
#10 C:\laragon\www\DataStat\system\Boot.php(351): CodeIgniter\CLI\Console->run()
#11 C:\laragon\www\DataStat\system\Boot.php(104): CodeIgniter\Boot::runCommand(Object(CodeIgniter\CLI\Console))
#12 C:\laragon\www\DataStat\spark(84): CodeIgniter\Boot::bootSpark(Object(Config\Paths))
#13 {main}
ERROR - 2025-12-23 06:25:10 --> mysqli_sql_exception: Duplicate entry 'superadmin' for key 'role_name' in C:\laragon\www\DataStat\system\Database\MySQLi\Connection.php:312
Stack trace:
#0 C:\laragon\www\DataStat\system\Database\MySQLi\Connection.php(312): mysqli->query('INSERT INTO `ro...', 0)
#1 C:\laragon\www\DataStat\system\Database\BaseConnection.php(734): CodeIgniter\Database\MySQLi\Connection->execute('INSERT INTO `ro...')
#2 C:\laragon\www\DataStat\system\Database\BaseConnection.php(648): CodeIgniter\Database\BaseConnection->simpleQuery('INSERT INTO `ro...')
#3 C:\laragon\www\DataStat\system\Database\BaseBuilder.php(1836): CodeIgniter\Database\BaseConnection->query('INSERT INTO `ro...', NULL, false)
#4 C:\laragon\www\DataStat\system\Database\BaseBuilder.php(2225): CodeIgniter\Database\BaseBuilder->batchExecute('_insertBatch', 100)
#5 C:\laragon\www\DataStat\app\Database\Seeds\InitialSeeder.php(53): CodeIgniter\Database\BaseBuilder->insertBatch(Array)
#6 C:\laragon\www\DataStat\system\Database\Seeder.php(147): App\Database\Seeds\InitialSeeder->run()
#7 C:\laragon\www\DataStat\system\Commands\Database\Seed.php(79): CodeIgniter\Database\Seeder->call('App\\Database\\Se...')
#8 C:\laragon\www\DataStat\system\CLI\Commands.php(70): CodeIgniter\Commands\Database\Seed->run(Array)
#9 C:\laragon\www\DataStat\system\CLI\Console.php(48): CodeIgniter\CLI\Commands->run('db:seed', Array)
#10 C:\laragon\www\DataStat\system\Boot.php(351): CodeIgniter\CLI\Console->run()
#11 C:\laragon\www\DataStat\system\Boot.php(104): CodeIgniter\Boot::runCommand(Object(CodeIgniter\CLI\Console))
#12 C:\laragon\www\DataStat\spark(84): CodeIgniter\Boot::bootSpark(Object(Config\Paths))
#13 {main}
ERROR - 2025-12-23 06:26:04 --> mysqli_sql_exception: Duplicate entry 'superadmin' for key 'role_name' in C:\laragon\www\DataStat\system\Database\MySQLi\Connection.php:312
Stack trace:
#0 C:\laragon\www\DataStat\system\Database\MySQLi\Connection.php(312): mysqli->query('INSERT INTO `ro...', 0)
#1 C:\laragon\www\DataStat\system\Database\BaseConnection.php(734): CodeIgniter\Database\MySQLi\Connection->execute('INSERT INTO `ro...')
#2 C:\laragon\www\DataStat\system\Database\BaseConnection.php(648): CodeIgniter\Database\BaseConnection->simpleQuery('INSERT INTO `ro...')
#3 C:\laragon\www\DataStat\system\Database\BaseBuilder.php(1836): CodeIgniter\Database\BaseConnection->query('INSERT INTO `ro...', NULL, false)
#4 C:\laragon\www\DataStat\system\Database\BaseBuilder.php(2225): CodeIgniter\Database\BaseBuilder->batchExecute('_insertBatch', 100)
#5 C:\laragon\www\DataStat\app\Database\Seeds\InitialSeeder.php(53): CodeIgniter\Database\BaseBuilder->insertBatch(Array)
#6 C:\laragon\www\DataStat\system\Database\Seeder.php(147): App\Database\Seeds\InitialSeeder->run()
#7 C:\laragon\www\DataStat\system\Commands\Database\Seed.php(79): CodeIgniter\Database\Seeder->call('App\\Database\\Se...')
#8 C:\laragon\www\DataStat\system\CLI\Commands.php(70): CodeIgniter\Commands\Database\Seed->run(Array)
#9 C:\laragon\www\DataStat\system\CLI\Console.php(48): CodeIgniter\CLI\Commands->run('db:seed', Array)
#10 C:\laragon\www\DataStat\system\Boot.php(351): CodeIgniter\CLI\Console->run()
#11 C:\laragon\www\DataStat\system\Boot.php(104): CodeIgniter\Boot::runCommand(Object(CodeIgniter\CLI\Console))
#12 C:\laragon\www\DataStat\spark(84): CodeIgniter\Boot::bootSpark(Object(Config\Paths))
#13 {main}
ERROR - 2025-12-23 06:28:25 --> mysqli_sql_exception: Unknown column 'email_verified_at' in 'field list' in C:\laragon\www\DataStat\system\Database\MySQLi\Connection.php:312
Stack trace:
#0 C:\laragon\www\DataStat\system\Database\MySQLi\Connection.php(312): mysqli->query('INSERT INTO `us...', 0)
#1 C:\laragon\www\DataStat\system\Database\BaseConnection.php(734): CodeIgniter\Database\MySQLi\Connection->execute('INSERT INTO `us...')
#2 C:\laragon\www\DataStat\system\Database\BaseConnection.php(648): CodeIgniter\Database\BaseConnection->simpleQuery('INSERT INTO `us...')
#3 C:\laragon\www\DataStat\system\Database\BaseBuilder.php(1836): CodeIgniter\Database\BaseConnection->query('INSERT INTO `us...', NULL, false)
#4 C:\laragon\www\DataStat\system\Database\BaseBuilder.php(2225): CodeIgniter\Database\BaseBuilder->batchExecute('_insertBatch', 100)
#5 C:\laragon\www\DataStat\app\Database\Seeds\InitialSeeder.php(151): CodeIgniter\Database\BaseBuilder->insertBatch(Array)
#6 C:\laragon\www\DataStat\system\Database\Seeder.php(147): App\Database\Seeds\InitialSeeder->run()
#7 C:\laragon\www\DataStat\system\Commands\Database\Seed.php(79): CodeIgniter\Database\Seeder->call('App\\Database\\Se...')
#8 C:\laragon\www\DataStat\system\CLI\Commands.php(70): CodeIgniter\Commands\Database\Seed->run(Array)
#9 C:\laragon\www\DataStat\system\CLI\Console.php(48): CodeIgniter\CLI\Commands->run('db:seed', Array)
#10 C:\laragon\www\DataStat\system\Boot.php(351): CodeIgniter\CLI\Console->run()
#11 C:\laragon\www\DataStat\system\Boot.php(104): CodeIgniter\Boot::runCommand(Object(CodeIgniter\CLI\Console))
#12 C:\laragon\www\DataStat\spark(84): CodeIgniter\Boot::bootSpark(Object(Config\Paths))
#13 {main}
ERROR - 2025-12-23 06:32:26 --> mysqli_sql_exception: Unknown column 'role_id' in 'field list' in C:\laragon\www\DataStat\system\Database\MySQLi\Connection.php:312
Stack trace:
#0 C:\laragon\www\DataStat\system\Database\MySQLi\Connection.php(312): mysqli->query('INSERT INTO `us...', 0)
#1 C:\laragon\www\DataStat\system\Database\BaseConnection.php(734): CodeIgniter\Database\MySQLi\Connection->execute('INSERT INTO `us...')
#2 C:\laragon\www\DataStat\system\Database\BaseConnection.php(648): CodeIgniter\Database\BaseConnection->simpleQuery('INSERT INTO `us...')
#3 C:\laragon\www\DataStat\system\Database\BaseBuilder.php(1836): CodeIgniter\Database\BaseConnection->query('INSERT INTO `us...', NULL, false)
#4 C:\laragon\www\DataStat\system\Database\BaseBuilder.php(2225): CodeIgniter\Database\BaseBuilder->batchExecute('_insertBatch', 100)
#5 C:\laragon\www\DataStat\app\Database\Seeds\InitialSeeder.php(151): CodeIgniter\Database\BaseBuilder->insertBatch(Array)
#6 C:\laragon\www\DataStat\system\Database\Seeder.php(147): App\Database\Seeds\InitialSeeder->run()
#7 C:\laragon\www\DataStat\system\Commands\Database\Seed.php(79): CodeIgniter\Database\Seeder->call('App\\Database\\Se...')
#8 C:\laragon\www\DataStat\system\CLI\Commands.php(70): CodeIgniter\Commands\Database\Seed->run(Array)
#9 C:\laragon\www\DataStat\system\CLI\Console.php(48): CodeIgniter\CLI\Commands->run('db:seed', Array)
#10 C:\laragon\www\DataStat\system\Boot.php(351): CodeIgniter\CLI\Console->run()
#11 C:\laragon\www\DataStat\system\Boot.php(104): CodeIgniter\Boot::runCommand(Object(CodeIgniter\CLI\Console))
#12 C:\laragon\www\DataStat\spark(84): CodeIgniter\Boot::bootSpark(Object(Config\Paths))
#13 {main}
ERROR - 2025-12-23 06:32:53 --> mysqli_sql_exception: Unknown column 'app_description' in 'field list' in C:\laragon\www\DataStat\system\Database\MySQLi\Connection.php:312
Stack trace:
#0 C:\laragon\www\DataStat\system\Database\MySQLi\Connection.php(312): mysqli->query('INSERT INTO `ap...', 0)
#1 C:\laragon\www\DataStat\system\Database\BaseConnection.php(734): CodeIgniter\Database\MySQLi\Connection->execute('INSERT INTO `ap...')
#2 C:\laragon\www\DataStat\system\Database\BaseConnection.php(648): CodeIgniter\Database\BaseConnection->simpleQuery('INSERT INTO `ap...')
#3 C:\laragon\www\DataStat\system\Database\BaseBuilder.php(1836): CodeIgniter\Database\BaseConnection->query('INSERT INTO `ap...', NULL, false)
#4 C:\laragon\www\DataStat\system\Database\BaseBuilder.php(2225): CodeIgniter\Database\BaseBuilder->batchExecute('_insertBatch', 100)
#5 C:\laragon\www\DataStat\app\Database\Seeds\InitialSeeder.php(226): CodeIgniter\Database\BaseBuilder->insertBatch(Array)
#6 C:\laragon\www\DataStat\system\Database\Seeder.php(147): App\Database\Seeds\InitialSeeder->run()
#7 C:\laragon\www\DataStat\system\Commands\Database\Seed.php(79): CodeIgniter\Database\Seeder->call('App\\Database\\Se...')
#8 C:\laragon\www\DataStat\system\CLI\Commands.php(70): CodeIgniter\Commands\Database\Seed->run(Array)
#9 C:\laragon\www\DataStat\system\CLI\Console.php(48): CodeIgniter\CLI\Commands->run('db:seed', Array)
#10 C:\laragon\www\DataStat\system\Boot.php(351): CodeIgniter\CLI\Console->run()
#11 C:\laragon\www\DataStat\system\Boot.php(104): CodeIgniter\Boot::runCommand(Object(CodeIgniter\CLI\Console))
#12 C:\laragon\www\DataStat\spark(84): CodeIgniter\Boot::bootSpark(Object(Config\Paths))
#13 {main}
INFO - 2025-12-23 06:36:59 --> Session: Class initialized using 'CodeIgniter\Session\Handlers\FileHandler' driver.
CRITICAL - 2025-12-23 06:37:00 --> ErrorException: Undefined variable $message
[Method: GET, Route: .well-known/appspecific/com.chrome.devtools.json]
in APPPATH\Views\errors\html\error_404.php on line 77.
 1 APPPATH\Views\errors\html\error_404.php(77): CodeIgniter\Debug\Exceptions->errorHandler(2, 'Undefined variable $message', 'C:\\laragon\\www\\DataStat\\app\\Views\\errors\\html\\error_404.php', 77)
 2 SYSTEMPATH\View\View.php(234): include('C:\\laragon\\www\\DataStat\\app\\Views\\errors\\html\\error_404.php')
 3 SYSTEMPATH\View\View.php(237): CodeIgniter\View\View->CodeIgniter\View\{closure}()
 4 SYSTEMPATH\Common.php(1171): CodeIgniter\View\View->render('errors/html/error_404', [], true)
 5 APPPATH\Config\Routes.php(298): view('errors/html/error_404')
 6 SYSTEMPATH\CodeIgniter.php(955): CodeIgniter\Router\RouteCollection->{closure}('Can\'t find a route for \'GET: .well-known/appspecific/com.chrome.devtools.json\'.')
 7 SYSTEMPATH\CodeIgniter.php(364): CodeIgniter\CodeIgniter->display404errors(Object(CodeIgniter\Exceptions\PageNotFoundException))
 8 SYSTEMPATH\Boot.php(325): CodeIgniter\CodeIgniter->run()
 9 SYSTEMPATH\Boot.php(67): CodeIgniter\Boot::runCodeIgniter(Object(CodeIgniter\CodeIgniter))
10 FCPATH\index.php(56): CodeIgniter\Boot::bootWeb(Object(Config\Paths))
11 SYSTEMPATH\rewrite.php(44): require_once('C:\\laragon\\www\\DataStat\\public\\index.php')
CRITICAL - 2025-12-23 06:37:01 --> ErrorException: Undefined variable $message
[Method: GET, Route: favicon.png]
in APPPATH\Views\errors\html\error_404.php on line 77.
 1 APPPATH\Views\errors\html\error_404.php(77): CodeIgniter\Debug\Exceptions->errorHandler(2, 'Undefined variable $message', 'C:\\laragon\\www\\DataStat\\app\\Views\\errors\\html\\error_404.php', 77)
 2 SYSTEMPATH\View\View.php(234): include('C:\\laragon\\www\\DataStat\\app\\Views\\errors\\html\\error_404.php')
 3 SYSTEMPATH\View\View.php(237): CodeIgniter\View\View->CodeIgniter\View\{closure}()
 4 SYSTEMPATH\Common.php(1171): CodeIgniter\View\View->render('errors/html/error_404', [], true)
 5 APPPATH\Config\Routes.php(298): view('errors/html/error_404')
 6 SYSTEMPATH\CodeIgniter.php(955): CodeIgniter\Router\RouteCollection->{closure}('Can\'t find a route for \'GET: favicon.png\'.')
 7 SYSTEMPATH\CodeIgniter.php(364): CodeIgniter\CodeIgniter->display404errors(Object(CodeIgniter\Exceptions\PageNotFoundException))
 8 SYSTEMPATH\Boot.php(325): CodeIgniter\CodeIgniter->run()
 9 SYSTEMPATH\Boot.php(67): CodeIgniter\Boot::runCodeIgniter(Object(CodeIgniter\CodeIgniter))
10 FCPATH\index.php(56): CodeIgniter\Boot::bootWeb(Object(Config\Paths))
11 SYSTEMPATH\rewrite.php(44): require_once('C:\\laragon\\www\\DataStat\\public\\index.php')
INFO - 2025-12-23 06:37:01 --> Session: Class initialized using 'CodeIgniter\Session\Handlers\FileHandler' driver.
INFO - 2025-12-23 06:37:02 --> Session: Class initialized using 'CodeIgniter\Session\Handlers\FileHandler' driver.
INFO - 2025-12-23 06:37:02 --> Session: Class initialized using 'CodeIgniter\Session\Handlers\FileHandler' driver.
INFO - 2025-12-23 06:37:03 --> Session: Class initialized using 'CodeIgniter\Session\Handlers\FileHandler' driver.
INFO - 2025-12-23 06:37:03 --> Session: Class initialized using 'CodeIgniter\Session\Handlers\FileHandler' driver.
INFO - 2025-12-23 06:37:03 --> Session: Class initialized using 'CodeIgniter\Session\Handlers\FileHandler' driver.
INFO - 2025-12-23 06:37:04 --> Session: Class initialized using 'CodeIgniter\Session\Handlers\FileHandler' driver.
INFO - 2025-12-23 06:37:04 --> Session: Class initialized using 'CodeIgniter\Session\Handlers\FileHandler' driver.
CRITICAL - 2025-12-23 06:37:05 --> ErrorException: Undefined variable $message
[Method: GET, Route: .well-known/appspecific/com.chrome.devtools.json]
in APPPATH\Views\errors\html\error_404.php on line 77.
 1 APPPATH\Views\errors\html\error_404.php(77): CodeIgniter\Debug\Exceptions->errorHandler(2, 'Undefined variable $message', 'C:\\laragon\\www\\DataStat\\app\\Views\\errors\\html\\error_404.php', 77)
 2 SYSTEMPATH\View\View.php(234): include('C:\\laragon\\www\\DataStat\\app\\Views\\errors\\html\\error_404.php')
 3 SYSTEMPATH\View\View.php(237): CodeIgniter\View\View->CodeIgniter\View\{closure}()
 4 SYSTEMPATH\Common.php(1171): CodeIgniter\View\View->render('errors/html/error_404', [], true)
 5 APPPATH\Config\Routes.php(298): view('errors/html/error_404')
 6 SYSTEMPATH\CodeIgniter.php(955): CodeIgniter\Router\RouteCollection->{closure}('Can\'t find a route for \'GET: .well-known/appspecific/com.chrome.devtools.json\'.')
 7 SYSTEMPATH\CodeIgniter.php(364): CodeIgniter\CodeIgniter->display404errors(Object(CodeIgniter\Exceptions\PageNotFoundException))
 8 SYSTEMPATH\Boot.php(325): CodeIgniter\CodeIgniter->run()
 9 SYSTEMPATH\Boot.php(67): CodeIgniter\Boot::runCodeIgniter(Object(CodeIgniter\CodeIgniter))
10 FCPATH\index.php(56): CodeIgniter\Boot::bootWeb(Object(Config\Paths))
11 SYSTEMPATH\rewrite.php(44): require_once('C:\\laragon\\www\\DataStat\\public\\index.php')
CRITICAL - 2025-12-23 06:37:06 --> ErrorException: Undefined variable $message
[Method: GET, Route: favicon.png]
in APPPATH\Views\errors\html\error_404.php on line 77.
 1 APPPATH\Views\errors\html\error_404.php(77): CodeIgniter\Debug\Exceptions->errorHandler(2, 'Undefined variable $message', 'C:\\laragon\\www\\DataStat\\app\\Views\\errors\\html\\error_404.php', 77)
 2 SYSTEMPATH\View\View.php(234): include('C:\\laragon\\www\\DataStat\\app\\Views\\errors\\html\\error_404.php')
 3 SYSTEMPATH\View\View.php(237): CodeIgniter\View\View->CodeIgniter\View\{closure}()
 4 SYSTEMPATH\Common.php(1171): CodeIgniter\View\View->render('errors/html/error_404', [], true)
 5 APPPATH\Config\Routes.php(298): view('errors/html/error_404')
 6 SYSTEMPATH\CodeIgniter.php(955): CodeIgniter\Router\RouteCollection->{closure}('Can\'t find a route for \'GET: favicon.png\'.')
 7 SYSTEMPATH\CodeIgniter.php(364): CodeIgniter\CodeIgniter->display404errors(Object(CodeIgniter\Exceptions\PageNotFoundException))
 8 SYSTEMPATH\Boot.php(325): CodeIgniter\CodeIgniter->run()
 9 SYSTEMPATH\Boot.php(67): CodeIgniter\Boot::runCodeIgniter(Object(CodeIgniter\CodeIgniter))
10 FCPATH\index.php(56): CodeIgniter\Boot::bootWeb(Object(Config\Paths))
11 SYSTEMPATH\rewrite.php(44): require_once('C:\\laragon\\www\\DataStat\\public\\index.php')
INFO - 2025-12-23 06:37:40 --> Session: Class initialized using 'CodeIgniter\Session\Handlers\FileHandler' driver.
INFO - 2025-12-23 06:37:40 --> Session: Class initialized using 'CodeIgniter\Session\Handlers\FileHandler' driver.
CRITICAL - 2025-12-23 06:37:41 --> ErrorException: Undefined variable $message
[Method: GET, Route: .well-known/appspecific/com.chrome.devtools.json]
in APPPATH\Views\errors\html\error_404.php on line 77.
 1 APPPATH\Views\errors\html\error_404.php(77): CodeIgniter\Debug\Exceptions->errorHandler(2, 'Undefined variable $message', 'C:\\laragon\\www\\DataStat\\app\\Views\\errors\\html\\error_404.php', 77)
 2 SYSTEMPATH\View\View.php(234): include('C:\\laragon\\www\\DataStat\\app\\Views\\errors\\html\\error_404.php')
 3 SYSTEMPATH\View\View.php(237): CodeIgniter\View\View->CodeIgniter\View\{closure}()
 4 SYSTEMPATH\Common.php(1171): CodeIgniter\View\View->render('errors/html/error_404', [], true)
 5 APPPATH\Config\Routes.php(298): view('errors/html/error_404')
 6 SYSTEMPATH\CodeIgniter.php(955): CodeIgniter\Router\RouteCollection->{closure}('Can\'t find a route for \'GET: .well-known/appspecific/com.chrome.devtools.json\'.')
 7 SYSTEMPATH\CodeIgniter.php(364): CodeIgniter\CodeIgniter->display404errors(Object(CodeIgniter\Exceptions\PageNotFoundException))
 8 SYSTEMPATH\Boot.php(325): CodeIgniter\CodeIgniter->run()
 9 SYSTEMPATH\Boot.php(67): CodeIgniter\Boot::runCodeIgniter(Object(CodeIgniter\CodeIgniter))
10 FCPATH\index.php(56): CodeIgniter\Boot::bootWeb(Object(Config\Paths))
11 SYSTEMPATH\rewrite.php(44): require_once('C:\\laragon\\www\\DataStat\\public\\index.php')
CRITICAL - 2025-12-23 06:37:42 --> ErrorException: Undefined variable $message
[Method: GET, Route: favicon.png]
in APPPATH\Views\errors\html\error_404.php on line 77.
 1 APPPATH\Views\errors\html\error_404.php(77): CodeIgniter\Debug\Exceptions->errorHandler(2, 'Undefined variable $message', 'C:\\laragon\\www\\DataStat\\app\\Views\\errors\\html\\error_404.php', 77)
 2 SYSTEMPATH\View\View.php(234): include('C:\\laragon\\www\\DataStat\\app\\Views\\errors\\html\\error_404.php')
 3 SYSTEMPATH\View\View.php(237): CodeIgniter\View\View->CodeIgniter\View\{closure}()
 4 SYSTEMPATH\Common.php(1171): CodeIgniter\View\View->render('errors/html/error_404', [], true)
 5 APPPATH\Config\Routes.php(298): view('errors/html/error_404')
 6 SYSTEMPATH\CodeIgniter.php(955): CodeIgniter\Router\RouteCollection->{closure}('Can\'t find a route for \'GET: favicon.png\'.')
 7 SYSTEMPATH\CodeIgniter.php(364): CodeIgniter\CodeIgniter->display404errors(Object(CodeIgniter\Exceptions\PageNotFoundException))
 8 SYSTEMPATH\Boot.php(325): CodeIgniter\CodeIgniter->run()
 9 SYSTEMPATH\Boot.php(67): CodeIgniter\Boot::runCodeIgniter(Object(CodeIgniter\CodeIgniter))
10 FCPATH\index.php(56): CodeIgniter\Boot::bootWeb(Object(Config\Paths))
11 SYSTEMPATH\rewrite.php(44): require_once('C:\\laragon\\www\\DataStat\\public\\index.php')
INFO - 2025-12-23 06:37:56 --> Session: Class initialized using 'CodeIgniter\Session\Handlers\FileHandler' driver.
INFO - 2025-12-23 06:37:56 --> Session: Class initialized using 'CodeIgniter\Session\Handlers\FileHandler' driver.
CRITICAL - 2025-12-23 06:37:56 --> ErrorException: Type of App\Models\Superadmin\ApplicationModel::$casts must be array (as in class CodeIgniter\BaseModel)
[Method: GET, Route: superadmin/dashboard]
in APPPATH\Models\Superadmin\ApplicationModel.php on line 36.
 1 [internal function]: CodeIgniter\Debug\Exceptions->shutdownHandler()
CRITICAL - 2025-12-23 06:37:57 --> ErrorException: Undefined variable $message
[Method: GET, Route: .well-known/appspecific/com.chrome.devtools.json]
in APPPATH\Views\errors\html\error_404.php on line 77.
 1 APPPATH\Views\errors\html\error_404.php(77): CodeIgniter\Debug\Exceptions->errorHandler(2, 'Undefined variable $message', 'C:\\laragon\\www\\DataStat\\app\\Views\\errors\\html\\error_404.php', 77)
 2 SYSTEMPATH\View\View.php(234): include('C:\\laragon\\www\\DataStat\\app\\Views\\errors\\html\\error_404.php')
 3 SYSTEMPATH\View\View.php(237): CodeIgniter\View\View->CodeIgniter\View\{closure}()
 4 SYSTEMPATH\Common.php(1171): CodeIgniter\View\View->render('errors/html/error_404', [], true)
 5 APPPATH\Config\Routes.php(298): view('errors/html/error_404')
 6 SYSTEMPATH\CodeIgniter.php(955): CodeIgniter\Router\RouteCollection->{closure}('Can\'t find a route for \'GET: .well-known/appspecific/com.chrome.devtools.json\'.')
 7 SYSTEMPATH\CodeIgniter.php(364): CodeIgniter\CodeIgniter->display404errors(Object(CodeIgniter\Exceptions\PageNotFoundException))
 8 SYSTEMPATH\Boot.php(325): CodeIgniter\CodeIgniter->run()
 9 SYSTEMPATH\Boot.php(67): CodeIgniter\Boot::runCodeIgniter(Object(CodeIgniter\CodeIgniter))
10 FCPATH\index.php(56): CodeIgniter\Boot::bootWeb(Object(Config\Paths))
11 SYSTEMPATH\rewrite.php(44): require_once('C:\\laragon\\www\\DataStat\\public\\index.php')
INFO - 2025-12-23 06:39:36 --> Session: Class initialized using 'CodeIgniter\Session\Handlers\FileHandler' driver.
CRITICAL - 2025-12-23 06:39:37 --> ErrorException: Type of App\Models\Superadmin\ApplicationModel::$casts must be array (as in class CodeIgniter\BaseModel)
[Method: GET, Route: superadmin/dashboard]
in APPPATH\Models\Superadmin\ApplicationModel.php on line 9.
 1 [internal function]: CodeIgniter\Debug\Exceptions->shutdownHandler()
INFO - 2025-12-23 06:40:36 --> Session: Class initialized using 'CodeIgniter\Session\Handlers\FileHandler' driver.
CRITICAL - 2025-12-23 06:40:37 --> ErrorException: Type of App\Models\Owner\DatasetModel::$casts must be array (as in class CodeIgniter\BaseModel)
[Method: GET, Route: superadmin/dashboard]
in APPPATH\Models\Owner\DatasetModel.php on line 38.
 1 [internal function]: CodeIgniter\Debug\Exceptions->shutdownHandler()
INFO - 2025-12-23 06:40:55 --> Session: Class initialized using 'CodeIgniter\Session\Handlers\FileHandler' driver.
CRITICAL - 2025-12-23 06:40:55 --> ErrorException: Type of App\Models\Owner\DatasetModel::$casts must be array (as in class CodeIgniter\BaseModel)
[Method: GET, Route: superadmin/dashboard]
in APPPATH\Models\Owner\DatasetModel.php on line 38.
 1 [internal function]: CodeIgniter\Debug\Exceptions->shutdownHandler()
INFO - 2025-12-23 06:40:55 --> Session: Class initialized using 'CodeIgniter\Session\Handlers\FileHandler' driver.
CRITICAL - 2025-12-23 06:40:55 --> ErrorException: Type of App\Models\Owner\DatasetModel::$casts must be array (as in class CodeIgniter\BaseModel)
[Method: GET, Route: superadmin/dashboard]
in APPPATH\Models\Owner\DatasetModel.php on line 38.
 1 [internal function]: CodeIgniter\Debug\Exceptions->shutdownHandler()
INFO - 2025-12-23 06:40:56 --> Session: Class initialized using 'CodeIgniter\Session\Handlers\FileHandler' driver.
CRITICAL - 2025-12-23 06:40:56 --> ErrorException: Type of App\Models\Owner\DatasetModel::$casts must be array (as in class CodeIgniter\BaseModel)
[Method: GET, Route: superadmin/dashboard]
in APPPATH\Models\Owner\DatasetModel.php on line 38.
 1 [internal function]: CodeIgniter\Debug\Exceptions->shutdownHandler()
INFO - 2025-12-23 06:40:56 --> Session: Class initialized using 'CodeIgniter\Session\Handlers\FileHandler' driver.
CRITICAL - 2025-12-23 06:40:56 --> ErrorException: Type of App\Models\Owner\DatasetModel::$casts must be array (as in class CodeIgniter\BaseModel)
[Method: GET, Route: superadmin/dashboard]
in APPPATH\Models\Owner\DatasetModel.php on line 38.
 1 [internal function]: CodeIgniter\Debug\Exceptions->shutdownHandler()
INFO - 2025-12-23 06:40:56 --> Session: Class initialized using 'CodeIgniter\Session\Handlers\FileHandler' driver.
CRITICAL - 2025-12-23 06:40:56 --> ErrorException: Type of App\Models\Owner\DatasetModel::$casts must be array (as in class CodeIgniter\BaseModel)
[Method: GET, Route: superadmin/dashboard]
in APPPATH\Models\Owner\DatasetModel.php on line 38.
 1 [internal function]: CodeIgniter\Debug\Exceptions->shutdownHandler()
INFO - 2025-12-23 06:40:57 --> Session: Class initialized using 'CodeIgniter\Session\Handlers\FileHandler' driver.
CRITICAL - 2025-12-23 06:40:57 --> ErrorException: Type of App\Models\Owner\DatasetModel::$casts must be array (as in class CodeIgniter\BaseModel)
[Method: GET, Route: superadmin/dashboard]
in APPPATH\Models\Owner\DatasetModel.php on line 38.
 1 [internal function]: CodeIgniter\Debug\Exceptions->shutdownHandler()
INFO - 2025-12-23 06:40:57 --> Session: Class initialized using 'CodeIgniter\Session\Handlers\FileHandler' driver.
CRITICAL - 2025-12-23 06:40:57 --> ErrorException: Type of App\Models\Owner\DatasetModel::$casts must be array (as in class CodeIgniter\BaseModel)
[Method: GET, Route: superadmin/dashboard]
in APPPATH\Models\Owner\DatasetModel.php on line 38.
 1 [internal function]: CodeIgniter\Debug\Exceptions->shutdownHandler()
INFO - 2025-12-23 06:40:57 --> Session: Class initialized using 'CodeIgniter\Session\Handlers\FileHandler' driver.
CRITICAL - 2025-12-23 06:40:57 --> ErrorException: Type of App\Models\Owner\DatasetModel::$casts must be array (as in class CodeIgniter\BaseModel)
[Method: GET, Route: superadmin/dashboard]
in APPPATH\Models\Owner\DatasetModel.php on line 38.
 1 [internal function]: CodeIgniter\Debug\Exceptions->shutdownHandler()
INFO - 2025-12-23 06:40:58 --> Session: Class initialized using 'CodeIgniter\Session\Handlers\FileHandler' driver.
CRITICAL - 2025-12-23 06:40:58 --> ErrorException: Type of App\Models\Owner\DatasetModel::$casts must be array (as in class CodeIgniter\BaseModel)
[Method: GET, Route: superadmin/dashboard]
in APPPATH\Models\Owner\DatasetModel.php on line 38.
 1 [internal function]: CodeIgniter\Debug\Exceptions->shutdownHandler()
INFO - 2025-12-23 06:41:33 --> Session: Class initialized using 'CodeIgniter\Session\Handlers\FileHandler' driver.
CRITICAL - 2025-12-23 06:41:33 --> ErrorException: Type of App\Models\Owner\DatasetModel::$casts must be array (as in class CodeIgniter\BaseModel)
[Method: GET, Route: superadmin/dashboard]
in APPPATH\Models\Owner\DatasetModel.php on line 38.
 1 [internal function]: CodeIgniter\Debug\Exceptions->shutdownHandler()
INFO - 2025-12-23 06:41:35 --> Session: Class initialized using 'CodeIgniter\Session\Handlers\FileHandler' driver.
CRITICAL - 2025-12-23 06:41:35 --> ErrorException: Type of App\Models\Owner\DatasetModel::$casts must be array (as in class CodeIgniter\BaseModel)
[Method: GET, Route: superadmin/dashboard]
in APPPATH\Models\Owner\DatasetModel.php on line 38.
 1 [internal function]: CodeIgniter\Debug\Exceptions->shutdownHandler()
INFO - 2025-12-23 06:41:37 --> Session: Class initialized using 'CodeIgniter\Session\Handlers\FileHandler' driver.
CRITICAL - 2025-12-23 06:41:37 --> ErrorException: Type of App\Models\Owner\DatasetModel::$casts must be array (as in class CodeIgniter\BaseModel)
[Method: GET, Route: superadmin/dashboard]
in APPPATH\Models\Owner\DatasetModel.php on line 38.
 1 [internal function]: CodeIgniter\Debug\Exceptions->shutdownHandler()
INFO - 2025-12-23 06:41:40 --> Session: Class initialized using 'CodeIgniter\Session\Handlers\FileHandler' driver.
CRITICAL - 2025-12-23 06:41:40 --> ErrorException: Type of App\Models\Owner\DatasetModel::$casts must be array (as in class CodeIgniter\BaseModel)
[Method: GET, Route: superadmin/dashboard]
in APPPATH\Models\Owner\DatasetModel.php on line 38.
 1 [internal function]: CodeIgniter\Debug\Exceptions->shutdownHandler()
INFO - 2025-12-23 06:41:42 --> Session: Class initialized using 'CodeIgniter\Session\Handlers\FileHandler' driver.
CRITICAL - 2025-12-23 06:41:42 --> ErrorException: Type of App\Models\Owner\DatasetModel::$casts must be array (as in class CodeIgniter\BaseModel)
[Method: GET, Route: superadmin/dashboard]
in APPPATH\Models\Owner\DatasetModel.php on line 38.
 1 [internal function]: CodeIgniter\Debug\Exceptions->shutdownHandler()
INFO - 2025-12-23 06:41:42 --> Session: Class initialized using 'CodeIgniter\Session\Handlers\FileHandler' driver.
CRITICAL - 2025-12-23 06:41:42 --> ErrorException: Type of App\Models\Owner\DatasetModel::$casts must be array (as in class CodeIgniter\BaseModel)
[Method: GET, Route: superadmin/dashboard]
in APPPATH\Models\Owner\DatasetModel.php on line 38.
 1 [internal function]: CodeIgniter\Debug\Exceptions->shutdownHandler()
INFO - 2025-12-23 06:42:04 --> Session: Class initialized using 'CodeIgniter\Session\Handlers\FileHandler' driver.
CRITICAL - 2025-12-23 06:42:04 --> Error: Class "App\Models\Superadmin\ApplicationModel" not found
[Method: GET, Route: superadmin/dashboard]
in APPPATH\Controllers\Superadmin\DashboardController.php on line 45.
 1 SYSTEMPATH\CodeIgniter.php(903): App\Controllers\Superadmin\DashboardController->__construct()
 2 SYSTEMPATH\CodeIgniter.php(500): CodeIgniter\CodeIgniter->createController()
 3 SYSTEMPATH\CodeIgniter.php(355): CodeIgniter\CodeIgniter->handleRequest(null, Object(Config\Cache), false)
 4 SYSTEMPATH\Boot.php(325): CodeIgniter\CodeIgniter->run()
 5 SYSTEMPATH\Boot.php(67): CodeIgniter\Boot::runCodeIgniter(Object(CodeIgniter\CodeIgniter))
 6 FCPATH\index.php(56): CodeIgniter\Boot::bootWeb(Object(Config\Paths))
 7 SYSTEMPATH\rewrite.php(44): require_once('C:\\laragon\\www\\DataStat\\public\\index.php')
INFO - 2025-12-23 06:42:06 --> Session: Class initialized using 'CodeIgniter\Session\Handlers\FileHandler' driver.
CRITICAL - 2025-12-23 06:42:06 --> Error: Class "App\Models\Superadmin\ApplicationModel" not found
[Method: GET, Route: superadmin/dashboard]
in APPPATH\Controllers\Superadmin\DashboardController.php on line 45.
 1 SYSTEMPATH\CodeIgniter.php(903): App\Controllers\Superadmin\DashboardController->__construct()
 2 SYSTEMPATH\CodeIgniter.php(500): CodeIgniter\CodeIgniter->createController()
 3 SYSTEMPATH\CodeIgniter.php(355): CodeIgniter\CodeIgniter->handleRequest(null, Object(Config\Cache), false)
 4 SYSTEMPATH\Boot.php(325): CodeIgniter\CodeIgniter->run()
 5 SYSTEMPATH\Boot.php(67): CodeIgniter\Boot::runCodeIgniter(Object(CodeIgniter\CodeIgniter))
 6 FCPATH\index.php(56): CodeIgniter\Boot::bootWeb(Object(Config\Paths))
 7 SYSTEMPATH\rewrite.php(44): require_once('C:\\laragon\\www\\DataStat\\public\\index.php')
INFO - 2025-12-23 06:42:29 --> Session: Class initialized using 'CodeIgniter\Session\Handlers\FileHandler' driver.
INFO - 2025-12-23 06:42:30 --> Session: Class initialized using 'CodeIgniter\Session\Handlers\FileHandler' driver.
CRITICAL - 2025-12-23 06:42:30 --> ErrorException: Undefined variable $message
[Method: GET, Route: dashboard]
in APPPATH\Views\errors\html\error_404.php on line 77.
 1 APPPATH\Views\errors\html\error_404.php(77): CodeIgniter\Debug\Exceptions->errorHandler(2, 'Undefined variable $message', 'C:\\laragon\\www\\DataStat\\app\\Views\\errors\\html\\error_404.php', 77)
 2 SYSTEMPATH\View\View.php(234): include('C:\\laragon\\www\\DataStat\\app\\Views\\errors\\html\\error_404.php')
 3 SYSTEMPATH\View\View.php(237): CodeIgniter\View\View->CodeIgniter\View\{closure}()
 4 SYSTEMPATH\Common.php(1171): CodeIgniter\View\View->render('errors/html/error_404', [], true)
 5 APPPATH\Config\Routes.php(298): view('errors/html/error_404')
 6 SYSTEMPATH\CodeIgniter.php(955): CodeIgniter\Router\RouteCollection->{closure}('Controller or its method is not found: \\App\\Controllers\\DashboardController::index')
 7 SYSTEMPATH\CodeIgniter.php(364): CodeIgniter\CodeIgniter->display404errors(Object(CodeIgniter\Exceptions\PageNotFoundException))
 8 SYSTEMPATH\Boot.php(325): CodeIgniter\CodeIgniter->run()
 9 SYSTEMPATH\Boot.php(67): CodeIgniter\Boot::runCodeIgniter(Object(CodeIgniter\CodeIgniter))
10 FCPATH\index.php(56): CodeIgniter\Boot::bootWeb(Object(Config\Paths))
11 SYSTEMPATH\rewrite.php(44): require_once('C:\\laragon\\www\\DataStat\\public\\index.php')
INFO - 2025-12-23 06:42:32 --> Session: Class initialized using 'CodeIgniter\Session\Handlers\FileHandler' driver.
INFO - 2025-12-23 06:42:32 --> Session: Class initialized using 'CodeIgniter\Session\Handlers\FileHandler' driver.
CRITICAL - 2025-12-23 06:42:32 --> ErrorException: Undefined variable $message
[Method: GET, Route: dashboard]
in APPPATH\Views\errors\html\error_404.php on line 77.
 1 APPPATH\Views\errors\html\error_404.php(77): CodeIgniter\Debug\Exceptions->errorHandler(2, 'Undefined variable $message', 'C:\\laragon\\www\\DataStat\\app\\Views\\errors\\html\\error_404.php', 77)
 2 SYSTEMPATH\View\View.php(234): include('C:\\laragon\\www\\DataStat\\app\\Views\\errors\\html\\error_404.php')
 3 SYSTEMPATH\View\View.php(237): CodeIgniter\View\View->CodeIgniter\View\{closure}()
 4 SYSTEMPATH\Common.php(1171): CodeIgniter\View\View->render('errors/html/error_404', [], true)
 5 APPPATH\Config\Routes.php(298): view('errors/html/error_404')
 6 SYSTEMPATH\CodeIgniter.php(955): CodeIgniter\Router\RouteCollection->{closure}('Controller or its method is not found: \\App\\Controllers\\DashboardController::index')
 7 SYSTEMPATH\CodeIgniter.php(364): CodeIgniter\CodeIgniter->display404errors(Object(CodeIgniter\Exceptions\PageNotFoundException))
 8 SYSTEMPATH\Boot.php(325): CodeIgniter\CodeIgniter->run()
 9 SYSTEMPATH\Boot.php(67): CodeIgniter\Boot::runCodeIgniter(Object(CodeIgniter\CodeIgniter))
10 FCPATH\index.php(56): CodeIgniter\Boot::bootWeb(Object(Config\Paths))
11 SYSTEMPATH\rewrite.php(44): require_once('C:\\laragon\\www\\DataStat\\public\\index.php')
INFO - 2025-12-23 06:42:39 --> Session: Class initialized using 'CodeIgniter\Session\Handlers\FileHandler' driver.
CRITICAL - 2025-12-23 06:42:39 --> Error: Call to undefined function App\Controllers\Auth\delete_cookie()
[Method: GET, Route: logout]
in APPPATH\Controllers\Auth\LogoutController.php on line 52.
 1 APPPATH\Controllers\Auth\LogoutController.php(39): App\Controllers\Auth\LogoutController->deleteRememberMeCookie()
 2 SYSTEMPATH\CodeIgniter.php(933): App\Controllers\Auth\LogoutController->index()
 3 SYSTEMPATH\CodeIgniter.php(509): CodeIgniter\CodeIgniter->runController(Object(App\Controllers\Auth\LogoutController))
 4 SYSTEMPATH\CodeIgniter.php(355): CodeIgniter\CodeIgniter->handleRequest(null, Object(Config\Cache), false)
 5 SYSTEMPATH\Boot.php(325): CodeIgniter\CodeIgniter->run()
 6 SYSTEMPATH\Boot.php(67): CodeIgniter\Boot::runCodeIgniter(Object(CodeIgniter\CodeIgniter))
 7 FCPATH\index.php(56): CodeIgniter\Boot::bootWeb(Object(Config\Paths))
 8 SYSTEMPATH\rewrite.php(44): require_once('C:\\laragon\\www\\DataStat\\public\\index.php')
INFO - 2025-12-23 06:42:42 --> Session: Class initialized using 'CodeIgniter\Session\Handlers\FileHandler' driver.
CRITICAL - 2025-12-23 06:42:43 --> ErrorException: Undefined variable $message
[Method: GET, Route: favicon.png]
in APPPATH\Views\errors\html\error_404.php on line 77.
 1 APPPATH\Views\errors\html\error_404.php(77): CodeIgniter\Debug\Exceptions->errorHandler(2, 'Undefined variable $message', 'C:\\laragon\\www\\DataStat\\app\\Views\\errors\\html\\error_404.php', 77)
 2 SYSTEMPATH\View\View.php(234): include('C:\\laragon\\www\\DataStat\\app\\Views\\errors\\html\\error_404.php')
 3 SYSTEMPATH\View\View.php(237): CodeIgniter\View\View->CodeIgniter\View\{closure}()
 4 SYSTEMPATH\Common.php(1171): CodeIgniter\View\View->render('errors/html/error_404', [], true)
 5 APPPATH\Config\Routes.php(298): view('errors/html/error_404')
 6 SYSTEMPATH\CodeIgniter.php(955): CodeIgniter\Router\RouteCollection->{closure}('Can\'t find a route for \'GET: favicon.png\'.')
 7 SYSTEMPATH\CodeIgniter.php(364): CodeIgniter\CodeIgniter->display404errors(Object(CodeIgniter\Exceptions\PageNotFoundException))
 8 SYSTEMPATH\Boot.php(325): CodeIgniter\CodeIgniter->run()
 9 SYSTEMPATH\Boot.php(67): CodeIgniter\Boot::runCodeIgniter(Object(CodeIgniter\CodeIgniter))
10 FCPATH\index.php(56): CodeIgniter\Boot::bootWeb(Object(Config\Paths))
11 SYSTEMPATH\rewrite.php(44): require_once('C:\\laragon\\www\\DataStat\\public\\index.php')
INFO - 2025-12-23 06:44:09 --> Session: Class initialized using 'CodeIgniter\Session\Handlers\FileHandler' driver.
INFO - 2025-12-23 06:44:09 --> Session: Class initialized using 'CodeIgniter\Session\Handlers\FileHandler' driver.
INFO - 2025-12-23 06:44:10 --> Session: Class initialized using 'CodeIgniter\Session\Handlers\FileHandler' driver.
CRITICAL - 2025-12-23 06:44:10 --> ErrorException: Undefined variable $message
[Method: GET, Route: dashboard]
in APPPATH\Views\errors\html\error_404.php on line 77.
 1 APPPATH\Views\errors\html\error_404.php(77): CodeIgniter\Debug\Exceptions->errorHandler(2, 'Undefined variable $message', 'C:\\laragon\\www\\DataStat\\app\\Views\\errors\\html\\error_404.php', 77)
 2 SYSTEMPATH\View\View.php(234): include('C:\\laragon\\www\\DataStat\\app\\Views\\errors\\html\\error_404.php')
 3 SYSTEMPATH\View\View.php(237): CodeIgniter\View\View->CodeIgniter\View\{closure}()
 4 SYSTEMPATH\Common.php(1171): CodeIgniter\View\View->render('errors/html/error_404', [], true)
 5 APPPATH\Config\Routes.php(298): view('errors/html/error_404')
 6 SYSTEMPATH\CodeIgniter.php(955): CodeIgniter\Router\RouteCollection->{closure}('Controller or its method is not found: \\App\\Controllers\\DashboardController::index')
 7 SYSTEMPATH\CodeIgniter.php(364): CodeIgniter\CodeIgniter->display404errors(Object(CodeIgniter\Exceptions\PageNotFoundException))
 8 SYSTEMPATH\Boot.php(325): CodeIgniter\CodeIgniter->run()
 9 SYSTEMPATH\Boot.php(67): CodeIgniter\Boot::runCodeIgniter(Object(CodeIgniter\CodeIgniter))
10 FCPATH\index.php(56): CodeIgniter\Boot::bootWeb(Object(Config\Paths))
11 SYSTEMPATH\rewrite.php(44): require_once('C:\\laragon\\www\\DataStat\\public\\index.php')
INFO - 2025-12-23 06:45:26 --> Session: Class initialized using 'CodeIgniter\Session\Handlers\FileHandler' driver.
INFO - 2025-12-23 06:46:04 --> Session: Class initialized using 'CodeIgniter\Session\Handlers\FileHandler' driver.
CRITICAL - 2025-12-23 06:46:04 --> ErrorException: Undefined variable $code
[Method: GET, Route: dashboard]
in APPPATH\Views\errors\html\error_404.php on line 5.
 1 APPPATH\Views\errors\html\error_404.php(5): CodeIgniter\Debug\Exceptions->errorHandler(2, 'Undefined variable $code', 'C:\\laragon\\www\\DataStat\\app\\Views\\errors\\html\\error_404.php', 5)
 2 SYSTEMPATH\View\View.php(234): include('C:\\laragon\\www\\DataStat\\app\\Views\\errors\\html\\error_404.php')
 3 SYSTEMPATH\View\View.php(237): CodeIgniter\View\View->CodeIgniter\View\{closure}()
 4 SYSTEMPATH\Common.php(1171): CodeIgniter\View\View->render('errors/html/error_404', [], true)
 5 APPPATH\Config\Routes.php(298): view('errors/html/error_404')
 6 SYSTEMPATH\CodeIgniter.php(955): CodeIgniter\Router\RouteCollection->{closure}('Controller or its method is not found: \\App\\Controllers\\DashboardController::index')
 7 SYSTEMPATH\CodeIgniter.php(364): CodeIgniter\CodeIgniter->display404errors(Object(CodeIgniter\Exceptions\PageNotFoundException))
 8 SYSTEMPATH\Boot.php(325): CodeIgniter\CodeIgniter->run()
 9 SYSTEMPATH\Boot.php(67): CodeIgniter\Boot::runCodeIgniter(Object(CodeIgniter\CodeIgniter))
10 FCPATH\index.php(56): CodeIgniter\Boot::bootWeb(Object(Config\Paths))
11 SYSTEMPATH\rewrite.php(44): require_once('C:\\laragon\\www\\DataStat\\public\\index.php')
INFO - 2025-12-23 06:46:52 --> Session: Class initialized using 'CodeIgniter\Session\Handlers\FileHandler' driver.
INFO - 2025-12-23 06:46:53 --> Session: Class initialized using 'CodeIgniter\Session\Handlers\FileHandler' driver.
INFO - 2025-12-23 06:47:13 --> Session: Class initialized using 'CodeIgniter\Session\Handlers\FileHandler' driver.
INFO - 2025-12-23 06:47:15 --> Session: Class initialized using 'CodeIgniter\Session\Handlers\FileHandler' driver.
INFO - 2025-12-23 06:47:15 --> Session: Class initialized using 'CodeIgniter\Session\Handlers\FileHandler' driver.
INFO - 2025-12-23 06:47:16 --> Session: Class initialized using 'CodeIgniter\Session\Handlers\FileHandler' driver.
INFO - 2025-12-23 06:47:17 --> Session: Class initialized using 'CodeIgniter\Session\Handlers\FileHandler' driver.
INFO - 2025-12-23 06:47:17 --> Session: Class initialized using 'CodeIgniter\Session\Handlers\FileHandler' driver.
INFO - 2025-12-23 06:47:18 --> Session: Class initialized using 'CodeIgniter\Session\Handlers\FileHandler' driver.
INFO - 2025-12-23 06:48:51 --> Session: Class initialized using 'CodeIgniter\Session\Handlers\FileHandler' driver.
INFO - 2025-12-23 06:48:52 --> Session: Class initialized using 'CodeIgniter\Session\Handlers\FileHandler' driver.
INFO - 2025-12-23 06:48:53 --> Session: Class initialized using 'CodeIgniter\Session\Handlers\FileHandler' driver.
INFO - 2025-12-23 06:48:53 --> Session: Class initialized using 'CodeIgniter\Session\Handlers\FileHandler' driver.
INFO - 2025-12-23 06:48:54 --> Session: Class initialized using 'CodeIgniter\Session\Handlers\FileHandler' driver.
INFO - 2025-12-23 06:48:54 --> Session: Class initialized using 'CodeIgniter\Session\Handlers\FileHandler' driver.
INFO - 2025-12-23 06:48:54 --> Session: Class initialized using 'CodeIgniter\Session\Handlers\FileHandler' driver.
INFO - 2025-12-23 06:48:54 --> Session: Class initialized using 'CodeIgniter\Session\Handlers\FileHandler' driver.
INFO - 2025-12-23 06:48:54 --> Session: Class initialized using 'CodeIgniter\Session\Handlers\FileHandler' driver.
INFO - 2025-12-23 06:48:55 --> Session: Class initialized using 'CodeIgniter\Session\Handlers\FileHandler' driver.
INFO - 2025-12-23 06:48:58 --> Session: Class initialized using 'CodeIgniter\Session\Handlers\FileHandler' driver.
INFO - 2025-12-23 06:48:59 --> Session: Class initialized using 'CodeIgniter\Session\Handlers\FileHandler' driver.
INFO - 2025-12-23 06:49:00 --> Session: Class initialized using 'CodeIgniter\Session\Handlers\FileHandler' driver.
INFO - 2025-12-23 06:49:15 --> Session: Class initialized using 'CodeIgniter\Session\Handlers\FileHandler' driver.
INFO - 2025-12-23 06:49:15 --> Session: Class initialized using 'CodeIgniter\Session\Handlers\FileHandler' driver.
INFO - 2025-12-23 06:49:15 --> Session: Class initialized using 'CodeIgniter\Session\Handlers\FileHandler' driver.
INFO - 2025-12-23 06:49:34 --> Session: Class initialized using 'CodeIgniter\Session\Handlers\FileHandler' driver.
INFO - 2025-12-23 06:49:35 --> Session: Class initialized using 'CodeIgniter\Session\Handlers\FileHandler' driver.
INFO - 2025-12-23 06:49:36 --> Session: Class initialized using 'CodeIgniter\Session\Handlers\FileHandler' driver.
INFO - 2025-12-23 06:49:38 --> Session: Class initialized using 'CodeIgniter\Session\Handlers\FileHandler' driver.
INFO - 2025-12-23 06:49:38 --> Session: Class initialized using 'CodeIgniter\Session\Handlers\FileHandler' driver.
INFO - 2025-12-23 06:49:39 --> Session: Class initialized using 'CodeIgniter\Session\Handlers\FileHandler' driver.
INFO - 2025-12-23 06:49:40 --> Session: Class initialized using 'CodeIgniter\Session\Handlers\FileHandler' driver.
CRITICAL - 2025-12-23 06:49:40 --> Error: Call to undefined function App\Controllers\Auth\delete_cookie()
[Method: GET, Route: logout]
in APPPATH\Controllers\Auth\LogoutController.php on line 52.
 1 APPPATH\Controllers\Auth\LogoutController.php(39): App\Controllers\Auth\LogoutController->deleteRememberMeCookie()
 2 SYSTEMPATH\CodeIgniter.php(933): App\Controllers\Auth\LogoutController->index()
 3 SYSTEMPATH\CodeIgniter.php(509): CodeIgniter\CodeIgniter->runController(Object(App\Controllers\Auth\LogoutController))
 4 SYSTEMPATH\CodeIgniter.php(355): CodeIgniter\CodeIgniter->handleRequest(null, Object(Config\Cache), false)
 5 SYSTEMPATH\Boot.php(325): CodeIgniter\CodeIgniter->run()
 6 SYSTEMPATH\Boot.php(67): CodeIgniter\Boot::runCodeIgniter(Object(CodeIgniter\CodeIgniter))
 7 FCPATH\index.php(56): CodeIgniter\Boot::bootWeb(Object(Config\Paths))
 8 SYSTEMPATH\rewrite.php(44): require_once('C:\\laragon\\www\\DataStat\\public\\index.php')
INFO - 2025-12-23 06:49:44 --> Session: Class initialized using 'CodeIgniter\Session\Handlers\FileHandler' driver.
INFO - 2025-12-23 06:49:44 --> Session: Class initialized using 'CodeIgniter\Session\Handlers\FileHandler' driver.
INFO - 2025-12-23 06:49:47 --> Session: Class initialized using 'CodeIgniter\Session\Handlers\FileHandler' driver.
INFO - 2025-12-23 08:18:03 --> Session: Class initialized using 'CodeIgniter\Session\Handlers\FileHandler' driver.
INFO - 2025-12-23 08:18:18 --> Session: Class initialized using 'CodeIgniter\Session\Handlers\FileHandler' driver.
INFO - 2025-12-23 08:18:18 --> Session: Class initialized using 'CodeIgniter\Session\Handlers\FileHandler' driver.
CRITICAL - 2025-12-23 08:18:18 --> ErrorException: Type of App\Models\Superadmin\ApplicationModel::$casts must be array (as in class CodeIgniter\BaseModel)
[Method: GET, Route: superadmin/dashboard]
in APPPATH\Models\Superadmin\ApplicationModel.php on line 9.
 1 [internal function]: CodeIgniter\Debug\Exceptions->shutdownHandler()
INFO - 2025-12-23 08:20:51 --> Session: Class initialized using 'CodeIgniter\Session\Handlers\FileHandler' driver.
CRITICAL - 2025-12-23 08:20:51 --> ErrorException: Type of App\Models\Superadmin\ApplicationModel::$casts must be array (as in class CodeIgniter\BaseModel)
[Method: GET, Route: superadmin/dashboard]
in APPPATH\Models\Superadmin\ApplicationModel.php on line 9.
 1 [internal function]: CodeIgniter\Debug\Exceptions->shutdownHandler()
INFO - 2025-12-23 08:20:57 --> Session: Class initialized using 'CodeIgniter\Session\Handlers\FileHandler' driver.
INFO - 2025-12-23 08:20:57 --> Session: Class initialized using 'CodeIgniter\Session\Handlers\FileHandler' driver.
CRITICAL - 2025-12-23 08:20:57 --> ErrorException: Type of App\Models\Superadmin\ApplicationModel::$casts must be array (as in class CodeIgniter\BaseModel)
[Method: GET, Route: superadmin/dashboard]
in APPPATH\Models\Superadmin\ApplicationModel.php on line 9.
 1 [internal function]: CodeIgniter\Debug\Exceptions->shutdownHandler()
INFO - 2025-12-23 08:21:00 --> Session: Class initialized using 'CodeIgniter\Session\Handlers\FileHandler' driver.
CRITICAL - 2025-12-23 08:21:00 --> ErrorException: Type of App\Models\Superadmin\ApplicationModel::$casts must be array (as in class CodeIgniter\BaseModel)
[Method: GET, Route: superadmin/dashboard]
in APPPATH\Models\Superadmin\ApplicationModel.php on line 9.
 1 [internal function]: CodeIgniter\Debug\Exceptions->shutdownHandler()
INFO - 2025-12-23 08:21:05 --> Session: Class initialized using 'CodeIgniter\Session\Handlers\FileHandler' driver.
INFO - 2025-12-23 08:21:05 --> Session: Class initialized using 'CodeIgniter\Session\Handlers\FileHandler' driver.
CRITICAL - 2025-12-23 08:21:05 --> ErrorException: Type of App\Models\Superadmin\ApplicationModel::$casts must be array (as in class CodeIgniter\BaseModel)
[Method: GET, Route: superadmin/dashboard]
in APPPATH\Models\Superadmin\ApplicationModel.php on line 9.
 1 [internal function]: CodeIgniter\Debug\Exceptions->shutdownHandler()
INFO - 2025-12-23 08:21:08 --> Session: Class initialized using 'CodeIgniter\Session\Handlers\FileHandler' driver.
INFO - 2025-12-23 08:21:08 --> Session: Class initialized using 'CodeIgniter\Session\Handlers\FileHandler' driver.
CRITICAL - 2025-12-23 08:21:08 --> ErrorException: Type of App\Models\Superadmin\ApplicationModel::$casts must be array (as in class CodeIgniter\BaseModel)
[Method: GET, Route: superadmin/dashboard]
in APPPATH\Models\Superadmin\ApplicationModel.php on line 9.
 1 [internal function]: CodeIgniter\Debug\Exceptions->shutdownHandler()
INFO - 2025-12-23 08:21:11 --> Session: Class initialized using 'CodeIgniter\Session\Handlers\FileHandler' driver.
CRITICAL - 2025-12-23 08:21:11 --> ErrorException: Type of App\Models\Superadmin\ApplicationModel::$casts must be array (as in class CodeIgniter\BaseModel)
[Method: GET, Route: superadmin/dashboard]
in APPPATH\Models\Superadmin\ApplicationModel.php on line 9.
 1 [internal function]: CodeIgniter\Debug\Exceptions->shutdownHandler()
INFO - 2025-12-23 08:21:12 --> Session: Class initialized using 'CodeIgniter\Session\Handlers\FileHandler' driver.
CRITICAL - 2025-12-23 08:21:12 --> ErrorException: Type of App\Models\Superadmin\ApplicationModel::$casts must be array (as in class CodeIgniter\BaseModel)
[Method: GET, Route: superadmin/dashboard]
in APPPATH\Models\Superadmin\ApplicationModel.php on line 9.
 1 [internal function]: CodeIgniter\Debug\Exceptions->shutdownHandler()
INFO - 2025-12-23 08:21:13 --> Session: Class initialized using 'CodeIgniter\Session\Handlers\FileHandler' driver.
CRITICAL - 2025-12-23 08:21:13 --> ErrorException: Type of App\Models\Superadmin\ApplicationModel::$casts must be array (as in class CodeIgniter\BaseModel)
[Method: GET, Route: superadmin/dashboard]
in APPPATH\Models\Superadmin\ApplicationModel.php on line 9.
 1 [internal function]: CodeIgniter\Debug\Exceptions->shutdownHandler()
INFO - 2025-12-23 08:21:13 --> Session: Class initialized using 'CodeIgniter\Session\Handlers\FileHandler' driver.
CRITICAL - 2025-12-23 08:21:13 --> ErrorException: Type of App\Models\Superadmin\ApplicationModel::$casts must be array (as in class CodeIgniter\BaseModel)
[Method: GET, Route: superadmin/dashboard]
in APPPATH\Models\Superadmin\ApplicationModel.php on line 9.
 1 [internal function]: CodeIgniter\Debug\Exceptions->shutdownHandler()
INFO - 2025-12-23 08:21:14 --> Session: Class initialized using 'CodeIgniter\Session\Handlers\FileHandler' driver.
CRITICAL - 2025-12-23 08:21:14 --> ErrorException: Type of App\Models\Superadmin\ApplicationModel::$casts must be array (as in class CodeIgniter\BaseModel)
[Method: GET, Route: superadmin/dashboard]
in APPPATH\Models\Superadmin\ApplicationModel.php on line 9.
 1 [internal function]: CodeIgniter\Debug\Exceptions->shutdownHandler()
INFO - 2025-12-23 08:21:14 --> Session: Class initialized using 'CodeIgniter\Session\Handlers\FileHandler' driver.
CRITICAL - 2025-12-23 08:21:14 --> ErrorException: Type of App\Models\Superadmin\ApplicationModel::$casts must be array (as in class CodeIgniter\BaseModel)
[Method: GET, Route: superadmin/dashboard]
in APPPATH\Models\Superadmin\ApplicationModel.php on line 9.
 1 [internal function]: CodeIgniter\Debug\Exceptions->shutdownHandler()
INFO - 2025-12-23 08:21:14 --> Session: Class initialized using 'CodeIgniter\Session\Handlers\FileHandler' driver.
CRITICAL - 2025-12-23 08:21:14 --> ErrorException: Type of App\Models\Superadmin\ApplicationModel::$casts must be array (as in class CodeIgniter\BaseModel)
[Method: GET, Route: superadmin/dashboard]
in APPPATH\Models\Superadmin\ApplicationModel.php on line 9.
 1 [internal function]: CodeIgniter\Debug\Exceptions->shutdownHandler()
INFO - 2025-12-23 08:21:15 --> Session: Class initialized using 'CodeIgniter\Session\Handlers\FileHandler' driver.
CRITICAL - 2025-12-23 08:21:15 --> ErrorException: Type of App\Models\Superadmin\ApplicationModel::$casts must be array (as in class CodeIgniter\BaseModel)
[Method: GET, Route: superadmin/dashboard]
in APPPATH\Models\Superadmin\ApplicationModel.php on line 9.
 1 [internal function]: CodeIgniter\Debug\Exceptions->shutdownHandler()
INFO - 2025-12-23 08:21:15 --> Session: Class initialized using 'CodeIgniter\Session\Handlers\FileHandler' driver.
CRITICAL - 2025-12-23 08:21:15 --> ErrorException: Type of App\Models\Superadmin\ApplicationModel::$casts must be array (as in class CodeIgniter\BaseModel)
[Method: GET, Route: superadmin/dashboard]
in APPPATH\Models\Superadmin\ApplicationModel.php on line 9.
 1 [internal function]: CodeIgniter\Debug\Exceptions->shutdownHandler()
INFO - 2025-12-23 08:21:16 --> Session: Class initialized using 'CodeIgniter\Session\Handlers\FileHandler' driver.
CRITICAL - 2025-12-23 08:21:16 --> ErrorException: Type of App\Models\Superadmin\ApplicationModel::$casts must be array (as in class CodeIgniter\BaseModel)
[Method: GET, Route: superadmin/dashboard]
in APPPATH\Models\Superadmin\ApplicationModel.php on line 9.
 1 [internal function]: CodeIgniter\Debug\Exceptions->shutdownHandler()
INFO - 2025-12-23 08:21:16 --> Session: Class initialized using 'CodeIgniter\Session\Handlers\FileHandler' driver.
CRITICAL - 2025-12-23 08:21:16 --> ErrorException: Type of App\Models\Superadmin\ApplicationModel::$casts must be array (as in class CodeIgniter\BaseModel)
[Method: GET, Route: superadmin/dashboard]
in APPPATH\Models\Superadmin\ApplicationModel.php on line 9.
 1 [internal function]: CodeIgniter\Debug\Exceptions->shutdownHandler()
INFO - 2025-12-23 08:21:16 --> Session: Class initialized using 'CodeIgniter\Session\Handlers\FileHandler' driver.
CRITICAL - 2025-12-23 08:21:16 --> ErrorException: Type of App\Models\Superadmin\ApplicationModel::$casts must be array (as in class CodeIgniter\BaseModel)
[Method: GET, Route: superadmin/dashboard]
in APPPATH\Models\Superadmin\ApplicationModel.php on line 9.
 1 [internal function]: CodeIgniter\Debug\Exceptions->shutdownHandler()
INFO - 2025-12-23 08:21:17 --> Session: Class initialized using 'CodeIgniter\Session\Handlers\FileHandler' driver.
CRITICAL - 2025-12-23 08:21:17 --> ErrorException: Type of App\Models\Superadmin\ApplicationModel::$casts must be array (as in class CodeIgniter\BaseModel)
[Method: GET, Route: superadmin/dashboard]
in APPPATH\Models\Superadmin\ApplicationModel.php on line 9.
 1 [internal function]: CodeIgniter\Debug\Exceptions->shutdownHandler()
INFO - 2025-12-23 08:21:17 --> Session: Class initialized using 'CodeIgniter\Session\Handlers\FileHandler' driver.
CRITICAL - 2025-12-23 08:21:17 --> ErrorException: Type of App\Models\Superadmin\ApplicationModel::$casts must be array (as in class CodeIgniter\BaseModel)
[Method: GET, Route: superadmin/dashboard]
in APPPATH\Models\Superadmin\ApplicationModel.php on line 9.
 1 [internal function]: CodeIgniter\Debug\Exceptions->shutdownHandler()
INFO - 2025-12-23 08:21:18 --> Session: Class initialized using 'CodeIgniter\Session\Handlers\FileHandler' driver.
CRITICAL - 2025-12-23 08:21:18 --> ErrorException: Type of App\Models\Superadmin\ApplicationModel::$casts must be array (as in class CodeIgniter\BaseModel)
[Method: GET, Route: superadmin/dashboard]
in APPPATH\Models\Superadmin\ApplicationModel.php on line 9.
 1 [internal function]: CodeIgniter\Debug\Exceptions->shutdownHandler()
INFO - 2025-12-23 08:21:18 --> Session: Class initialized using 'CodeIgniter\Session\Handlers\FileHandler' driver.
CRITICAL - 2025-12-23 08:21:18 --> ErrorException: Type of App\Models\Superadmin\ApplicationModel::$casts must be array (as in class CodeIgniter\BaseModel)
[Method: GET, Route: superadmin/dashboard]
in APPPATH\Models\Superadmin\ApplicationModel.php on line 9.
 1 [internal function]: CodeIgniter\Debug\Exceptions->shutdownHandler()
INFO - 2025-12-23 08:21:18 --> Session: Class initialized using 'CodeIgniter\Session\Handlers\FileHandler' driver.
CRITICAL - 2025-12-23 08:21:18 --> ErrorException: Type of App\Models\Superadmin\ApplicationModel::$casts must be array (as in class CodeIgniter\BaseModel)
[Method: GET, Route: superadmin/dashboard]
in APPPATH\Models\Superadmin\ApplicationModel.php on line 9.
 1 [internal function]: CodeIgniter\Debug\Exceptions->shutdownHandler()
INFO - 2025-12-23 08:21:19 --> Session: Class initialized using 'CodeIgniter\Session\Handlers\FileHandler' driver.
CRITICAL - 2025-12-23 08:21:19 --> ErrorException: Type of App\Models\Superadmin\ApplicationModel::$casts must be array (as in class CodeIgniter\BaseModel)
[Method: GET, Route: superadmin/dashboard]
in APPPATH\Models\Superadmin\ApplicationModel.php on line 9.
 1 [internal function]: CodeIgniter\Debug\Exceptions->shutdownHandler()
INFO - 2025-12-23 08:21:19 --> Session: Class initialized using 'CodeIgniter\Session\Handlers\FileHandler' driver.
CRITICAL - 2025-12-23 08:21:19 --> ErrorException: Type of App\Models\Superadmin\ApplicationModel::$casts must be array (as in class CodeIgniter\BaseModel)
[Method: GET, Route: superadmin/dashboard]
in APPPATH\Models\Superadmin\ApplicationModel.php on line 9.
 1 [internal function]: CodeIgniter\Debug\Exceptions->shutdownHandler()
INFO - 2025-12-23 08:21:19 --> Session: Class initialized using 'CodeIgniter\Session\Handlers\FileHandler' driver.
CRITICAL - 2025-12-23 08:21:20 --> ErrorException: Type of App\Models\Superadmin\ApplicationModel::$casts must be array (as in class CodeIgniter\BaseModel)
[Method: GET, Route: superadmin/dashboard]
in APPPATH\Models\Superadmin\ApplicationModel.php on line 9.
 1 [internal function]: CodeIgniter\Debug\Exceptions->shutdownHandler()
INFO - 2025-12-23 08:21:20 --> Session: Class initialized using 'CodeIgniter\Session\Handlers\FileHandler' driver.
CRITICAL - 2025-12-23 08:21:20 --> ErrorException: Type of App\Models\Superadmin\ApplicationModel::$casts must be array (as in class CodeIgniter\BaseModel)
[Method: GET, Route: superadmin/dashboard]
in APPPATH\Models\Superadmin\ApplicationModel.php on line 9.
 1 [internal function]: CodeIgniter\Debug\Exceptions->shutdownHandler()
INFO - 2025-12-23 08:21:20 --> Session: Class initialized using 'CodeIgniter\Session\Handlers\FileHandler' driver.
CRITICAL - 2025-12-23 08:21:20 --> ErrorException: Type of App\Models\Superadmin\ApplicationModel::$casts must be array (as in class CodeIgniter\BaseModel)
[Method: GET, Route: superadmin/dashboard]
in APPPATH\Models\Superadmin\ApplicationModel.php on line 9.
 1 [internal function]: CodeIgniter\Debug\Exceptions->shutdownHandler()
INFO - 2025-12-23 08:21:21 --> Session: Class initialized using 'CodeIgniter\Session\Handlers\FileHandler' driver.
CRITICAL - 2025-12-23 08:21:21 --> ErrorException: Type of App\Models\Superadmin\ApplicationModel::$casts must be array (as in class CodeIgniter\BaseModel)
[Method: GET, Route: superadmin/dashboard]
in APPPATH\Models\Superadmin\ApplicationModel.php on line 9.
 1 [internal function]: CodeIgniter\Debug\Exceptions->shutdownHandler()
INFO - 2025-12-23 08:21:21 --> Session: Class initialized using 'CodeIgniter\Session\Handlers\FileHandler' driver.
CRITICAL - 2025-12-23 08:21:21 --> ErrorException: Type of App\Models\Superadmin\ApplicationModel::$casts must be array (as in class CodeIgniter\BaseModel)
[Method: GET, Route: superadmin/dashboard]
in APPPATH\Models\Superadmin\ApplicationModel.php on line 9.
 1 [internal function]: CodeIgniter\Debug\Exceptions->shutdownHandler()
INFO - 2025-12-23 08:23:40 --> Session: Class initialized using 'CodeIgniter\Session\Handlers\FileHandler' driver.
CRITICAL - 2025-12-23 08:23:41 --> ErrorException: Type of App\Models\Superadmin\ApplicationModel::$casts must be array (as in class CodeIgniter\BaseModel)
[Method: GET, Route: superadmin/dashboard]
in APPPATH\Models\Superadmin\ApplicationModel.php on line 9.
 1 [internal function]: CodeIgniter\Debug\Exceptions->shutdownHandler()
INFO - 2025-12-23 08:24:59 --> Session: Class initialized using 'CodeIgniter\Session\Handlers\FileHandler' driver.
CRITICAL - 2025-12-23 08:24:59 --> ErrorException: Type of App\Models\Superadmin\ApplicationModel::$casts must be array (as in class CodeIgniter\BaseModel)
[Method: GET, Route: superadmin/dashboard]
in APPPATH\Models\Superadmin\ApplicationModel.php on line 9.
 1 [internal function]: CodeIgniter\Debug\Exceptions->shutdownHandler()
INFO - 2025-12-23 08:25:22 --> Session: Class initialized using 'CodeIgniter\Session\Handlers\FileHandler' driver.
CRITICAL - 2025-12-23 08:25:22 --> ErrorException: Type of App\Models\Superadmin\ApplicationModel::$casts must be array (as in class CodeIgniter\BaseModel)
[Method: GET, Route: superadmin/dashboard]
in APPPATH\Models\Superadmin\ApplicationModel.php on line 9.
 1 [internal function]: CodeIgniter\Debug\Exceptions->shutdownHandler()
INFO - 2025-12-23 08:27:05 --> Session: Class initialized using 'CodeIgniter\Session\Handlers\FileHandler' driver.
CRITICAL - 2025-12-23 08:27:05 --> ErrorException: Type of App\Models\Superadmin\ApplicationModel::$casts must be array (as in class CodeIgniter\BaseModel)
[Method: GET, Route: superadmin/dashboard]
in APPPATH\Models\Superadmin\ApplicationModel.php on line 9.
 1 [internal function]: CodeIgniter\Debug\Exceptions->shutdownHandler()
INFO - 2025-12-23 08:27:30 --> Session: Class initialized using 'CodeIgniter\Session\Handlers\FileHandler' driver.
CRITICAL - 2025-12-23 08:27:30 --> ErrorException: Type of App\Models\Superadmin\ApplicationModel::$casts must be array (as in class CodeIgniter\BaseModel)
[Method: GET, Route: superadmin/dashboard]
in APPPATH\Models\Superadmin\ApplicationModel.php on line 9.
 1 [internal function]: CodeIgniter\Debug\Exceptions->shutdownHandler()
INFO - 2025-12-23 08:29:23 --> Session: Class initialized using 'CodeIgniter\Session\Handlers\FileHandler' driver.
CRITICAL - 2025-12-23 08:29:23 --> ErrorException: Type of App\Models\Superadmin\ApplicationModel::$casts must be array (as in class CodeIgniter\BaseModel)
[Method: GET, Route: superadmin/dashboard]
in APPPATH\Models\Superadmin\ApplicationModel.php on line 9.
 1 [internal function]: CodeIgniter\Debug\Exceptions->shutdownHandler()
INFO - 2025-12-23 08:37:10 --> Session: Class initialized using 'CodeIgniter\Session\Handlers\FileHandler' driver.
CRITICAL - 2025-12-23 08:37:10 --> ErrorException: Type of App\Models\Superadmin\ApplicationModel::$casts must be array (as in class CodeIgniter\BaseModel)
[Method: GET, Route: superadmin/dashboard]
in APPPATH\Models\Superadmin\ApplicationModel.php on line 9.
 1 [internal function]: CodeIgniter\Debug\Exceptions->shutdownHandler()
