INFO - 2026-01-02 03:18:37 --> Session: Class initialized using 'CodeIgniter\Session\Handlers\FileHandler' driver.
INFO - 2026-01-02 03:18:41 --> Session: Class initialized using 'CodeIgniter\Session\Handlers\FileHandler' driver.
INFO - 2026-01-02 03:18:57 --> Session: Class initialized using 'CodeIgniter\Session\Handlers\FileHandler' driver.
INFO - 2026-01-02 03:18:58 --> Session: Class initialized using 'CodeIgniter\Session\Handlers\FileHandler' driver.
INFO - 2026-01-02 03:19:05 --> Session: Class initialized using 'CodeIgniter\Session\Handlers\FileHandler' driver.
INFO - 2026-01-02 03:19:13 --> Session: Class initialized using 'CodeIgniter\Session\Handlers\FileHandler' driver.
INFO - 2026-01-02 03:19:16 --> Session: Class initialized using 'CodeIgniter\Session\Handlers\FileHandler' driver.
INFO - 2026-01-02 03:19:18 --> Session: Class initialized using 'CodeIgniter\Session\Handlers\FileHandler' driver.
INFO - 2026-01-02 03:19:20 --> Session: Class initialized using 'CodeIgniter\Session\Handlers\FileHandler' driver.
INFO - 2026-01-02 03:19:55 --> Session: Class initialized using 'CodeIgniter\Session\Handlers\FileHandler' driver.
INFO - 2026-01-02 03:19:59 --> Session: Class initialized using 'CodeIgniter\Session\Handlers\FileHandler' driver.
INFO - 2026-01-02 03:20:02 --> Session: Class initialized using 'CodeIgniter\Session\Handlers\FileHandler' driver.
INFO - 2026-01-02 03:20:23 --> Session: Class initialized using 'CodeIgniter\Session\Handlers\FileHandler' driver.
INFO - 2026-01-02 03:20:26 --> Session: Class initialized using 'CodeIgniter\Session\Handlers\FileHandler' driver.
INFO - 2026-01-02 03:20:29 --> Session: Class initialized using 'CodeIgniter\Session\Handlers\FileHandler' driver.
INFO - 2026-01-02 03:20:34 --> Session: Class initialized using 'CodeIgniter\Session\Handlers\FileHandler' driver.
INFO - 2026-01-02 03:22:22 --> Session: Class initialized using 'CodeIgniter\Session\Handlers\FileHandler' driver.
INFO - 2026-01-02 03:22:32 --> Session: Class initialized using 'CodeIgniter\Session\Handlers\FileHandler' driver.
INFO - 2026-01-02 03:22:40 --> Session: Class initialized using 'CodeIgniter\Session\Handlers\FileHandler' driver.
CRITICAL - 2026-01-02 03:22:40 --> ErrorException: Undefined array key "role_description"
[Method: GET, Route: owner/users/invite]
in APPPATH\Views\owner\users\invite.php on line 68.
 1 APPPATH\Views\owner\users\invite.php(68): CodeIgniter\Debug\Exceptions->errorHandler(2, 'Undefined array key "role_description"', 'C:\\laragon\\www\\DataStat\\app\\Views\\owner\\users\\invite.php', 68)
 2 SYSTEMPATH\View\View.php(234): include('C:\\laragon\\www\\DataStat\\app\\Views\\owner\\users\\invite.php')
 3 SYSTEMPATH\View\View.php(237): CodeIgniter\View\View->CodeIgniter\View\{closure}()
 4 SYSTEMPATH\Common.php(1171): CodeIgniter\View\View->render('owner/users/invite', [], true)
 5 APPPATH\Controllers\Owner\UserManageController.php(92): view('owner/users/invite', [...])
 6 SYSTEMPATH\CodeIgniter.php(933): App\Controllers\Owner\UserManageController->invite()
 7 SYSTEMPATH\CodeIgniter.php(509): CodeIgniter\CodeIgniter->runController(Object(App\Controllers\Owner\UserManageController))
 8 SYSTEMPATH\CodeIgniter.php(355): CodeIgniter\CodeIgniter->handleRequest(null, Object(Config\Cache), false)
 9 SYSTEMPATH\Boot.php(325): CodeIgniter\CodeIgniter->run()
10 SYSTEMPATH\Boot.php(67): CodeIgniter\Boot::runCodeIgniter(Object(CodeIgniter\CodeIgniter))
11 FCPATH\index.php(56): CodeIgniter\Boot::bootWeb(Object(Config\Paths))
12 SYSTEMPATH\rewrite.php(44): require_once('C:\\laragon\\www\\DataStat\\public\\index.php')
INFO - 2026-01-02 03:25:05 --> Session: Class initialized using 'CodeIgniter\Session\Handlers\FileHandler' driver.
INFO - 2026-01-02 03:27:32 --> Session: Class initialized using 'CodeIgniter\Session\Handlers\FileHandler' driver.
INFO - 2026-01-02 03:27:33 --> Session: Class initialized using 'CodeIgniter\Session\Handlers\FileHandler' driver.
INFO - 2026-01-02 03:27:42 --> Session: Class initialized using 'CodeIgniter\Session\Handlers\FileHandler' driver.
INFO - 2026-01-02 03:27:43 --> Session: Class initialized using 'CodeIgniter\Session\Handlers\FileHandler' driver.
INFO - 2026-01-02 03:27:52 --> Session: Class initialized using 'CodeIgniter\Session\Handlers\FileHandler' driver.
INFO - 2026-01-02 03:27:53 --> Session: Class initialized using 'CodeIgniter\Session\Handlers\FileHandler' driver.
INFO - 2026-01-02 03:28:00 --> Session: Class initialized using 'CodeIgniter\Session\Handlers\FileHandler' driver.
INFO - 2026-01-02 03:28:03 --> Session: Class initialized using 'CodeIgniter\Session\Handlers\FileHandler' driver.
INFO - 2026-01-02 03:28:26 --> Session: Class initialized using 'CodeIgniter\Session\Handlers\FileHandler' driver.
INFO - 2026-01-02 03:28:27 --> Session: Class initialized using 'CodeIgniter\Session\Handlers\FileHandler' driver.
INFO - 2026-01-02 03:28:33 --> Session: Class initialized using 'CodeIgniter\Session\Handlers\FileHandler' driver.
CRITICAL - 2026-01-02 03:28:33 --> ErrorException: Undefined array key "role_count"
[Method: GET, Route: superadmin/users/edit/7]
in APPPATH\Views\superadmin\users\edit.php on line 154.
 1 APPPATH\Views\superadmin\users\edit.php(154): CodeIgniter\Debug\Exceptions->errorHandler(2, 'Undefined array key "role_count"', 'C:\\laragon\\www\\DataStat\\app\\Views\\superadmin\\users\\edit.php', 154)
 2 SYSTEMPATH\View\View.php(234): include('C:\\laragon\\www\\DataStat\\app\\Views\\superadmin\\users\\edit.php')
 3 SYSTEMPATH\View\View.php(237): CodeIgniter\View\View->CodeIgniter\View\{closure}()
 4 SYSTEMPATH\Common.php(1171): CodeIgniter\View\View->render('superadmin/users/edit', [], true)
 5 APPPATH\Controllers\Superadmin\UserController.php(168): view('superadmin/users/edit', [...])
 6 SYSTEMPATH\CodeIgniter.php(933): App\Controllers\Superadmin\UserController->edit('7')
 7 SYSTEMPATH\CodeIgniter.php(509): CodeIgniter\CodeIgniter->runController(Object(App\Controllers\Superadmin\UserController))
 8 SYSTEMPATH\CodeIgniter.php(355): CodeIgniter\CodeIgniter->handleRequest(null, Object(Config\Cache), false)
 9 SYSTEMPATH\Boot.php(325): CodeIgniter\CodeIgniter->run()
10 SYSTEMPATH\Boot.php(67): CodeIgniter\Boot::runCodeIgniter(Object(CodeIgniter\CodeIgniter))
11 FCPATH\index.php(56): CodeIgniter\Boot::bootWeb(Object(Config\Paths))
12 SYSTEMPATH\rewrite.php(44): require_once('C:\\laragon\\www\\DataStat\\public\\index.php')
INFO - 2026-01-02 03:29:20 --> Session: Class initialized using 'CodeIgniter\Session\Handlers\FileHandler' driver.
INFO - 2026-01-02 03:30:42 --> Session: Class initialized using 'CodeIgniter\Session\Handlers\FileHandler' driver.
INFO - 2026-01-02 03:30:43 --> Session: Class initialized using 'CodeIgniter\Session\Handlers\FileHandler' driver.
INFO - 2026-01-02 03:30:49 --> Session: Class initialized using 'CodeIgniter\Session\Handlers\FileHandler' driver.
INFO - 2026-01-02 03:30:50 --> Session: Class initialized using 'CodeIgniter\Session\Handlers\FileHandler' driver.
INFO - 2026-01-02 03:30:57 --> Session: Class initialized using 'CodeIgniter\Session\Handlers\FileHandler' driver.
INFO - 2026-01-02 03:31:01 --> Session: Class initialized using 'CodeIgniter\Session\Handlers\FileHandler' driver.
INFO - 2026-01-02 03:31:13 --> Session: Class initialized using 'CodeIgniter\Session\Handlers\FileHandler' driver.
INFO - 2026-01-02 03:31:13 --> Session: Class initialized using 'CodeIgniter\Session\Handlers\FileHandler' driver.
INFO - 2026-01-02 03:31:45 --> Session: Class initialized using 'CodeIgniter\Session\Handlers\FileHandler' driver.
INFO - 2026-01-02 03:31:46 --> Session: Class initialized using 'CodeIgniter\Session\Handlers\FileHandler' driver.
INFO - 2026-01-02 03:31:50 --> Session: Class initialized using 'CodeIgniter\Session\Handlers\FileHandler' driver.
INFO - 2026-01-02 03:36:06 --> Session: Class initialized using 'CodeIgniter\Session\Handlers\FileHandler' driver.
CRITICAL - 2026-01-02 03:36:07 --> Error: Call to undefined method App\Controllers\Owner\UserManageController::sendInviteEmail()
[Method: POST, Route: owner/users/invite]
in APPPATH\Controllers\Owner\UserManageController.php on line 149.
 1 SYSTEMPATH\CodeIgniter.php(933): App\Controllers\Owner\UserManageController->sendInvite()
 2 SYSTEMPATH\CodeIgniter.php(509): CodeIgniter\CodeIgniter->runController(Object(App\Controllers\Owner\UserManageController))
 3 SYSTEMPATH\CodeIgniter.php(355): CodeIgniter\CodeIgniter->handleRequest(null, Object(Config\Cache), false)
 4 SYSTEMPATH\Boot.php(325): CodeIgniter\CodeIgniter->run()
 5 SYSTEMPATH\Boot.php(67): CodeIgniter\Boot::runCodeIgniter(Object(CodeIgniter\CodeIgniter))
 6 FCPATH\index.php(56): CodeIgniter\Boot::bootWeb(Object(Config\Paths))
 7 SYSTEMPATH\rewrite.php(44): require_once('C:\\laragon\\www\\DataStat\\public\\index.php')
INFO - 2026-01-02 03:36:42 --> Session: Class initialized using 'CodeIgniter\Session\Handlers\FileHandler' driver.
INFO - 2026-01-02 03:36:43 --> Session: Class initialized using 'CodeIgniter\Session\Handlers\FileHandler' driver.
INFO - 2026-01-02 03:36:54 --> Session: Class initialized using 'CodeIgniter\Session\Handlers\FileHandler' driver.
INFO - 2026-01-02 03:36:59 --> Session: Class initialized using 'CodeIgniter\Session\Handlers\FileHandler' driver.
INFO - 2026-01-02 03:37:06 --> Session: Class initialized using 'CodeIgniter\Session\Handlers\FileHandler' driver.
INFO - 2026-01-02 03:37:08 --> Session: Class initialized using 'CodeIgniter\Session\Handlers\FileHandler' driver.
INFO - 2026-01-02 03:37:09 --> Session: Class initialized using 'CodeIgniter\Session\Handlers\FileHandler' driver.
INFO - 2026-01-02 03:37:10 --> Session: Class initialized using 'CodeIgniter\Session\Handlers\FileHandler' driver.
INFO - 2026-01-02 03:37:15 --> Session: Class initialized using 'CodeIgniter\Session\Handlers\FileHandler' driver.
INFO - 2026-01-02 03:37:19 --> Session: Class initialized using 'CodeIgniter\Session\Handlers\FileHandler' driver.
INFO - 2026-01-02 03:37:22 --> Session: Class initialized using 'CodeIgniter\Session\Handlers\FileHandler' driver.
INFO - 2026-01-02 03:37:34 --> Session: Class initialized using 'CodeIgniter\Session\Handlers\FileHandler' driver.
ERROR - 2026-01-02 03:37:39 --> Email: Unable to send email using SMTP. Your server might not be configured to send mail using this method.
ERROR - 2026-01-02 03:37:39 --> 220 smtp.mailtrap.io ESMTP ready

hello: 250-smtp.mailtrap.io
250-SIZE 5242880
250-PIPELINING
250-ENHANCEDSTATUSCODES
250-8BITMIME
250-DSN
250-AUTH PLAIN LOGIN CRAM-MD5
250 STARTTLS

starttls: 220 2.0.0 Start TLS

hello: 250-smtp.mailtrap.io
250-SIZE 5242880
250-PIPELINING
250-ENHANCEDSTATUSCODES
250-8BITMIME
250-DSN
250 AUTH PLAIN LOGIN CRAM-MD5

Failed to authenticate password. Error: 535 5.7.0 Invalid credentials

ERROR - 2026-01-02 03:37:39 --> Failed to send invitation email to: gilangrizkyramadhan34@gmail.com. Error: 220 smtp.mailtrap.io ESMTP ready
<br><pre>hello: 250-smtp.mailtrap.io
250-SIZE 5242880
250-PIPELINING
250-ENHANCEDSTATUSCODES
250-8BITMIME
250-DSN
250-AUTH PLAIN LOGIN CRAM-MD5
250 STARTTLS
</pre><pre>starttls: 220 2.0.0 Start TLS
</pre><pre>hello: 250-smtp.mailtrap.io
250-SIZE 5242880
250-PIPELINING
250-ENHANCEDSTATUSCODES
250-8BITMIME
250-DSN
250 AUTH PLAIN LOGIN CRAM-MD5
</pre>Failed to authenticate password. Error: 535 5.7.0 Invalid credentials
<br>Unable to send email using SMTP. Your server might not be configured to send mail using this method.<br><pre>Date: Fri, 2 Jan 2026 03:37:34 +0000
From: &quot;DataStat Application&quot; &lt;noreply@datastat.com&gt;
Return-Path: &lt;noreply@datastat.com&gt;
To: gilangrizkyramadhan34@gmail.com
Subject: =?UTF-8?Q?Invitation=20to=20join=20stata=20workspace?=
Reply-To: &lt;noreply@datastat.com&gt;
User-Agent: CodeIgniter
X-Sender: noreply@datastat.com
X-Mailer: CodeIgniter
X-Priority: 3 (Normal)
Message-ID: &lt;69573d7ebae5f4.42717582@datastat.com&gt;
Mime-Version: 1.0


Content-Type: multipart/alternative; boundary=&quot;B_ALT_69573d7ebaec67.21191142&quot;

This is a multi-part message in MIME format.
Your email application may not support this format.

--B_ALT_69573d7ebaec67.21191142
Content-Type: text/plain; charset=UTF-8
Content-Transfer-Encoding: 8bit

Welcome to stata


 Hello Gilang Rizky Ramadhan,
 You have been invited to join the stata workspace as a Owner/Administrator.
 Your account has been set up and you now have access to the workspace. You
can log in using your existing credentials.
 Personal message from the workspace owner:tst
 As a Owner/Administrator, you will have the following permissions:


 Full access to all data and features
 Manage workspace users
 Create and edit dashboards
 Manage statistics and datasets


 If you have any questions, please contact the workspace administrator.
 Welcome aboard!


 This email was sent by DataStat Application


--B_ALT_69573d7ebaec67.21191142
Content-Type: text/html; charset=UTF-8
Content-Transfer-Encoding: quoted-printable

=0A        &lt;html&gt;=0A        &lt;head&gt;=0A            &lt;style&gt;=0A                =
body { font-family: Arial, sans-serif; line-height: 1.6; color: #333; }=0A =
               .container { max-width: 600px; margin: 0 auto; padding: 20px=
; }=0A                .header { background-color: #007bff; color: white; pa=
dding: 20px; text-align: center; }=0A                .content { padding: 20=
px; background-color: #f8f9fa; }=0A                .footer { background-col=
or: #e9ecef; padding: 10px; text-align: center; font-size: 12px; }=0A      =
          .button { display: inline-block; padding: 10px 20px; background-c=
olor: #28a745; color: white; text-decoration: none; border-radius: 5px; }=
=0A            &lt;/style&gt;=0A        &lt;/head&gt;=0A        &lt;body&gt;=0A            &lt;d=
iv class=3D&#039;container&#039;&gt;=0A                &lt;div class=3D&#039;header&#039;&gt;=0A        =
            &lt;h1&gt;Welcome to stata&lt;/h1&gt;=0A                &lt;/div&gt;=0A          =
      &lt;div class=3D&#039;content&#039;&gt;=0A                    &lt;h2&gt;Hello Gilang Rizky =
Ramadhan,&lt;/h2&gt;=0A                    &lt;p&gt;You have been invited to join the &lt;=
strong&gt;stata&lt;/strong&gt; workspace as a &lt;strong&gt;Owner/Administrator&lt;/strong&gt;.&lt;=
/p&gt;=0A                    &lt;p&gt;Your account has been set up and you now have =
access to the workspace. You can log in using your existing credentials.&lt;/p=
&gt;=0A                    &lt;p&gt;&lt;strong&gt;Personal message from the workspace owne=
r:&lt;/strong&gt;&lt;br&gt;tst&lt;/p&gt;=0A                    &lt;p&gt;As a Owner/Administrator, y=
ou will have the following permissions:&lt;/p&gt;=0A                    &lt;ul&gt;=0A  =
                      =0A                        &lt;li&gt;Full access to all dat=
a and features&lt;/li&gt;=0A                        &lt;li&gt;Manage workspace users&lt;/l=
i&gt;=0A                        &lt;li&gt;Create and edit dashboards&lt;/li&gt;=0A        =
                &lt;li&gt;Manage statistics and datasets&lt;/li&gt;=0A                 =
       =0A                    &lt;/ul&gt;=0A                    &lt;p&gt;If you have an=
y questions, please contact the workspace administrator.&lt;/p&gt;=0A            =
        &lt;p&gt;Welcome aboard!&lt;/p&gt;=0A                &lt;/div&gt;=0A                &lt;=
div class=3D&#039;footer&#039;&gt;=0A                    &lt;p&gt;This email was sent by DataS=
tat Application&lt;/p&gt;=0A                &lt;/div&gt;=0A            &lt;/div&gt;=0A       =
 &lt;/body&gt;=0A        &lt;/html&gt;

--B_ALT_69573d7ebaec67.21191142--</pre>
INFO - 2026-01-02 03:37:40 --> Session: Class initialized using 'CodeIgniter\Session\Handlers\FileHandler' driver.
INFO - 2026-01-02 03:38:05 --> Session: Class initialized using 'CodeIgniter\Session\Handlers\FileHandler' driver.
INFO - 2026-01-02 03:40:52 --> Session: Class initialized using 'CodeIgniter\Session\Handlers\FileHandler' driver.
INFO - 2026-01-02 03:40:53 --> Session: Class initialized using 'CodeIgniter\Session\Handlers\FileHandler' driver.
INFO - 2026-01-02 03:40:54 --> Session: Class initialized using 'CodeIgniter\Session\Handlers\FileHandler' driver.
INFO - 2026-01-02 03:40:55 --> Session: Class initialized using 'CodeIgniter\Session\Handlers\FileHandler' driver.
INFO - 2026-01-02 03:40:55 --> Session: Class initialized using 'CodeIgniter\Session\Handlers\FileHandler' driver.
INFO - 2026-01-02 03:40:56 --> Session: Class initialized using 'CodeIgniter\Session\Handlers\FileHandler' driver.
INFO - 2026-01-02 04:38:34 --> Session: Class initialized using 'CodeIgniter\Session\Handlers\FileHandler' driver.
INFO - 2026-01-02 04:38:53 --> Session: Class initialized using 'CodeIgniter\Session\Handlers\FileHandler' driver.
INFO - 2026-01-02 04:41:38 --> Session: Class initialized using 'CodeIgniter\Session\Handlers\FileHandler' driver.
INFO - 2026-01-02 04:41:42 --> Session: Class initialized using 'CodeIgniter\Session\Handlers\FileHandler' driver.
INFO - 2026-01-02 04:41:43 --> Session: Class initialized using 'CodeIgniter\Session\Handlers\FileHandler' driver.
INFO - 2026-01-02 04:41:50 --> Session: Class initialized using 'CodeIgniter\Session\Handlers\FileHandler' driver.
INFO - 2026-01-02 04:41:58 --> Session: Class initialized using 'CodeIgniter\Session\Handlers\FileHandler' driver.
ERROR - 2026-01-02 04:42:00 --> Failed to send email via Mailtrap API. Status: 401, Response: {"success":false,"errors":["Unauthorized"]}
ERROR - 2026-01-02 04:42:00 --> Failed to send invitation email to: gilangrizkyramadhan34@gmail.com
INFO - 2026-01-02 04:42:00 --> Session: Class initialized using 'CodeIgniter\Session\Handlers\FileHandler' driver.
INFO - 2026-01-02 04:42:51 --> Session: Class initialized using 'CodeIgniter\Session\Handlers\FileHandler' driver.
INFO - 2026-01-02 04:42:51 --> Session: Class initialized using 'CodeIgniter\Session\Handlers\FileHandler' driver.
INFO - 2026-01-02 04:42:53 --> Session: Class initialized using 'CodeIgniter\Session\Handlers\FileHandler' driver.
INFO - 2026-01-02 04:43:31 --> Session: Class initialized using 'CodeIgniter\Session\Handlers\FileHandler' driver.
INFO - 2026-01-02 04:43:54 --> Session: Class initialized using 'CodeIgniter\Session\Handlers\FileHandler' driver.
INFO - 2026-01-02 04:43:57 --> Session: Class initialized using 'CodeIgniter\Session\Handlers\FileHandler' driver.
INFO - 2026-01-02 04:44:00 --> Session: Class initialized using 'CodeIgniter\Session\Handlers\FileHandler' driver.
INFO - 2026-01-02 04:44:33 --> Session: Class initialized using 'CodeIgniter\Session\Handlers\FileHandler' driver.
INFO - 2026-01-02 04:44:37 --> Session: Class initialized using 'CodeIgniter\Session\Handlers\FileHandler' driver.
INFO - 2026-01-02 04:48:49 --> Session: Class initialized using 'CodeIgniter\Session\Handlers\FileHandler' driver.
INFO - 2026-01-02 04:48:51 --> Session: Class initialized using 'CodeIgniter\Session\Handlers\FileHandler' driver.
INFO - 2026-01-02 04:48:52 --> Session: Class initialized using 'CodeIgniter\Session\Handlers\FileHandler' driver.
INFO - 2026-01-02 04:49:02 --> Session: Class initialized using 'CodeIgniter\Session\Handlers\FileHandler' driver.
ERROR - 2026-01-02 04:49:04 --> Failed to send email via Mailtrap API. Status: 401, Response: {"success":false,"errors":["Unauthorized"]}
ERROR - 2026-01-02 04:49:04 --> Failed to send invitation email to: gilangrizkyramadhan34@gmail.com
ERROR - 2026-01-02 04:49:04 --> Failed to send invitation email to: gilangrizkyramadhan34@gmail.com
INFO - 2026-01-02 04:49:04 --> Session: Class initialized using 'CodeIgniter\Session\Handlers\FileHandler' driver.
INFO - 2026-01-02 04:49:16 --> Session: Class initialized using 'CodeIgniter\Session\Handlers\FileHandler' driver.
INFO - 2026-01-02 04:49:16 --> Session: Class initialized using 'CodeIgniter\Session\Handlers\FileHandler' driver.
INFO - 2026-01-02 04:49:19 --> Session: Class initialized using 'CodeIgniter\Session\Handlers\FileHandler' driver.
INFO - 2026-01-02 04:49:25 --> Session: Class initialized using 'CodeIgniter\Session\Handlers\FileHandler' driver.
ERROR - 2026-01-02 04:49:26 --> Failed to send email via Mailtrap API. Status: 401, Response: {"success":false,"errors":["Unauthorized"]}
ERROR - 2026-01-02 04:49:26 --> Failed to send invitation email to: gilangrizkyramadhan34@gmail.com
ERROR - 2026-01-02 04:49:26 --> Failed to send invitation email to: gilangrizkyramadhan34@gmail.com
INFO - 2026-01-02 04:49:27 --> Session: Class initialized using 'CodeIgniter\Session\Handlers\FileHandler' driver.
INFO - 2026-01-02 04:50:24 --> Session: Class initialized using 'CodeIgniter\Session\Handlers\FileHandler' driver.
INFO - 2026-01-02 04:50:27 --> Session: Class initialized using 'CodeIgniter\Session\Handlers\FileHandler' driver.
INFO - 2026-01-02 04:50:28 --> Session: Class initialized using 'CodeIgniter\Session\Handlers\FileHandler' driver.
INFO - 2026-01-02 04:50:29 --> Session: Class initialized using 'CodeIgniter\Session\Handlers\FileHandler' driver.
INFO - 2026-01-02 04:50:35 --> Session: Class initialized using 'CodeIgniter\Session\Handlers\FileHandler' driver.
ERROR - 2026-01-02 04:50:39 --> Email: Unable to send email using SMTP. Your server might not be configured to send mail using this method.
ERROR - 2026-01-02 04:50:39 --> 220 smtp.mailtrap.io ESMTP ready

hello: 250-smtp.mailtrap.io
250-SIZE 5242880
250-PIPELINING
250-ENHANCEDSTATUSCODES
250-8BITMIME
250-DSN
250-AUTH PLAIN LOGIN CRAM-MD5
250 STARTTLS

starttls: 220 2.0.0 Start TLS

hello: 250-smtp.mailtrap.io
250-SIZE 5242880
250-PIPELINING
250-ENHANCEDSTATUSCODES
250-8BITMIME
250-DSN
250 AUTH PLAIN LOGIN CRAM-MD5

Failed to authenticate password. Error: 535 5.7.0 Invalid credentials

ERROR - 2026-01-02 04:50:39 --> Failed to send email via SMTP. Error: 220 smtp.mailtrap.io ESMTP ready
<br><pre>hello: 250-smtp.mailtrap.io
250-SIZE 5242880
250-PIPELINING
250-ENHANCEDSTATUSCODES
250-8BITMIME
250-DSN
250-AUTH PLAIN LOGIN CRAM-MD5
250 STARTTLS
</pre><pre>starttls: 220 2.0.0 Start TLS
</pre><pre>hello: 250-smtp.mailtrap.io
250-SIZE 5242880
250-PIPELINING
250-ENHANCEDSTATUSCODES
250-8BITMIME
250-DSN
250 AUTH PLAIN LOGIN CRAM-MD5
</pre>Failed to authenticate password. Error: 535 5.7.0 Invalid credentials
<br>Unable to send email using SMTP. Your server might not be configured to send mail using this method.<br><pre>Date: Fri, 2 Jan 2026 04:50:35 +0000
From: &quot;DataStat Application&quot; &lt;noreply@datastat.com&gt;
Return-Path: &lt;noreply@datastat.com&gt;
To: gilangrizkyramadhan34@gmail.com
Subject: =?UTF-8?Q?Invitation=20to=20join=20stata=20workspace?=
Reply-To: &lt;noreply@datastat.com&gt;
User-Agent: CodeIgniter
X-Sender: noreply@datastat.com
X-Mailer: CodeIgniter
X-Priority: 3 (Normal)
Message-ID: &lt;69574e9b712786.81202809@datastat.com&gt;
Mime-Version: 1.0


Content-Type: multipart/alternative; boundary=&quot;B_ALT_69574e9b712a45.72248968&quot;

This is a multi-part message in MIME format.
Your email application may not support this format.

--B_ALT_69574e9b712a45.72248968
Content-Type: text/plain; charset=UTF-8
Content-Transfer-Encoding: 8bit

Welcome to stata


 Hello Gilang Rizky Ramadhan,
 You have been invited to join the stata workspace as a Owner/Administrator.
 Your account has been set up and you now have access to the workspace. You
can log in using your existing credentials.

 As a Owner/Administrator, you will have the following permissions:
 View all data and dashboardsAccess statistics and reports
 If you have any questions, please contact the workspace administrator.
 Welcome aboard!


 This email was sent by DataStat Application


--B_ALT_69574e9b712a45.72248968
Content-Type: text/html; charset=UTF-8
Content-Transfer-Encoding: quoted-printable

=0A        &lt;html&gt;=0A        &lt;head&gt;=0A            &lt;style&gt;=0A                =
body { font-family: Arial, sans-serif; line-height: 1.6; color: #333; }=0A =
               .container { max-width: 600px; margin: 0 auto; padding: 20px=
; }=0A                .header { background-color: #007bff; color: white; pa=
dding: 20px; text-align: center; }=0A                .content { padding: 20=
px; background-color: #f8f9fa; }=0A                .footer { background-col=
or: #e9ecef; padding: 10px; text-align: center; font-size: 12px; }=0A      =
      &lt;/style&gt;=0A        &lt;/head&gt;=0A        &lt;body&gt;=0A            &lt;div class=
=3D&#039;container&#039;&gt;=0A                &lt;div class=3D&#039;header&#039;&gt;=0A                =
    &lt;h1&gt;Welcome to stata&lt;/h1&gt;=0A                &lt;/div&gt;=0A                &lt;d=
iv class=3D&#039;content&#039;&gt;=0A                    &lt;h2&gt;Hello Gilang Rizky Ramadhan=
,&lt;/h2&gt;=0A                    &lt;p&gt;You have been invited to join the &lt;strong&gt;s=
tata&lt;/strong&gt; workspace as a &lt;strong&gt;Owner/Administrator&lt;/strong&gt;.&lt;/p&gt;=0A  =
                  &lt;p&gt;Your account has been set up and you now have access t=
o the workspace. You can log in using your existing credentials.&lt;/p&gt;=0A    =
                =0A                    &lt;p&gt;As a Owner/Administrator, you wil=
l have the following permissions:&lt;/p&gt;=0A                    &lt;ul&gt;&lt;li&gt;View al=
l data and dashboards&lt;/li&gt;&lt;li&gt;Access statistics and reports&lt;/li&gt;&lt;/ul&gt;=0A   =
                 &lt;p&gt;If you have any questions, please contact the workspace=
 administrator.&lt;/p&gt;=0A                    &lt;p&gt;Welcome aboard!&lt;/p&gt;=0A        =
        &lt;/div&gt;=0A                &lt;div class=3D&#039;footer&#039;&gt;=0A                 =
   &lt;p&gt;This email was sent by DataStat Application&lt;/p&gt;=0A                &lt;/d=
iv&gt;=0A            &lt;/div&gt;=0A        &lt;/body&gt;=0A        &lt;/html&gt;

--B_ALT_69574e9b712a45.72248968--</pre>
ERROR - 2026-01-02 04:50:39 --> Failed to send invitation email to: gilangrizkyramadhan34@gmail.com
ERROR - 2026-01-02 04:50:39 --> Failed to send invitation email to: gilangrizkyramadhan34@gmail.com
INFO - 2026-01-02 04:50:40 --> Session: Class initialized using 'CodeIgniter\Session\Handlers\FileHandler' driver.
INFO - 2026-01-02 04:51:27 --> Session: Class initialized using 'CodeIgniter\Session\Handlers\FileHandler' driver.
INFO - 2026-01-02 04:51:27 --> Session: Class initialized using 'CodeIgniter\Session\Handlers\FileHandler' driver.
INFO - 2026-01-02 04:51:59 --> Session: Class initialized using 'CodeIgniter\Session\Handlers\FileHandler' driver.
INFO - 2026-01-02 04:51:59 --> Session: Class initialized using 'CodeIgniter\Session\Handlers\FileHandler' driver.
INFO - 2026-01-02 04:51:59 --> Session: Class initialized using 'CodeIgniter\Session\Handlers\FileHandler' driver.
INFO - 2026-01-02 04:52:00 --> Session: Class initialized using 'CodeIgniter\Session\Handlers\FileHandler' driver.
INFO - 2026-01-02 04:52:00 --> Session: Class initialized using 'CodeIgniter\Session\Handlers\FileHandler' driver.
INFO - 2026-01-02 04:52:00 --> Session: Class initialized using 'CodeIgniter\Session\Handlers\FileHandler' driver.
INFO - 2026-01-02 04:52:01 --> Session: Class initialized using 'CodeIgniter\Session\Handlers\FileHandler' driver.
INFO - 2026-01-02 04:52:01 --> Session: Class initialized using 'CodeIgniter\Session\Handlers\FileHandler' driver.
INFO - 2026-01-02 04:52:01 --> Session: Class initialized using 'CodeIgniter\Session\Handlers\FileHandler' driver.
INFO - 2026-01-02 04:52:02 --> Session: Class initialized using 'CodeIgniter\Session\Handlers\FileHandler' driver.
INFO - 2026-01-02 04:52:02 --> Session: Class initialized using 'CodeIgniter\Session\Handlers\FileHandler' driver.
INFO - 2026-01-02 04:52:02 --> Session: Class initialized using 'CodeIgniter\Session\Handlers\FileHandler' driver.
INFO - 2026-01-02 04:52:03 --> Session: Class initialized using 'CodeIgniter\Session\Handlers\FileHandler' driver.
INFO - 2026-01-02 04:52:03 --> Session: Class initialized using 'CodeIgniter\Session\Handlers\FileHandler' driver.
INFO - 2026-01-02 04:52:05 --> Session: Class initialized using 'CodeIgniter\Session\Handlers\FileHandler' driver.
INFO - 2026-01-02 04:52:07 --> Session: Class initialized using 'CodeIgniter\Session\Handlers\FileHandler' driver.
INFO - 2026-01-02 04:52:13 --> Session: Class initialized using 'CodeIgniter\Session\Handlers\FileHandler' driver.
ERROR - 2026-01-02 04:52:22 --> Email: Unable to send email using SMTP. Your server might not be configured to send mail using this method.
ERROR - 2026-01-02 04:52:22 --> 220 smtp.mailtrap.io ESMTP ready

hello: 250-smtp.mailtrap.io
250-SIZE 5242880
250-PIPELINING
250-ENHANCEDSTATUSCODES
250-8BITMIME
250-DSN
250-AUTH PLAIN LOGIN CRAM-MD5
250 STARTTLS

starttls: 220 2.0.0 Start TLS

hello: 250-smtp.mailtrap.io
250-SIZE 5242880
250-PIPELINING
250-ENHANCEDSTATUSCODES
250-8BITMIME
250-DSN
250 AUTH PLAIN LOGIN CRAM-MD5

Failed to authenticate password. Error: 535 5.7.0 Invalid credentials

ERROR - 2026-01-02 04:52:22 --> Failed to send email via SMTP. Error: 220 smtp.mailtrap.io ESMTP ready
<br><pre>hello: 250-smtp.mailtrap.io
250-SIZE 5242880
250-PIPELINING
250-ENHANCEDSTATUSCODES
250-8BITMIME
250-DSN
250-AUTH PLAIN LOGIN CRAM-MD5
250 STARTTLS
</pre><pre>starttls: 220 2.0.0 Start TLS
</pre><pre>hello: 250-smtp.mailtrap.io
250-SIZE 5242880
250-PIPELINING
250-ENHANCEDSTATUSCODES
250-8BITMIME
250-DSN
250 AUTH PLAIN LOGIN CRAM-MD5
</pre>Failed to authenticate password. Error: 535 5.7.0 Invalid credentials
<br>Unable to send email using SMTP. Your server might not be configured to send mail using this method.<br><pre>Date: Fri, 2 Jan 2026 04:52:13 +0000
From: &quot;DataStat Application&quot; &lt;noreply@datastat.com&gt;
Return-Path: &lt;noreply@datastat.com&gt;
To: gilangrizkyramadhan34@gmail.com
Subject: =?UTF-8?Q?Invitation=20to=20join=20stata=20workspace?=
Reply-To: &lt;noreply@datastat.com&gt;
User-Agent: CodeIgniter
X-Sender: noreply@datastat.com
X-Mailer: CodeIgniter
X-Priority: 3 (Normal)
Message-ID: &lt;69574efd5e30b1.24521481@datastat.com&gt;
Mime-Version: 1.0


Content-Type: multipart/alternative; boundary=&quot;B_ALT_69574efd5e3249.76947991&quot;

This is a multi-part message in MIME format.
Your email application may not support this format.

--B_ALT_69574efd5e3249.76947991
Content-Type: text/plain; charset=UTF-8
Content-Transfer-Encoding: 8bit

Welcome to stata


 Hello Gilang Rizky Ramadhan,
 You have been invited to join the stata workspace as a Owner/Administrator.
 Your account has been set up and you now have access to the workspace. You
can log in using your existing credentials.

 As a Owner/Administrator, you will have the following permissions:
 View all data and dashboardsAccess statistics and reports
 If you have any questions, please contact the workspace administrator.
 Welcome aboard!


 This email was sent by DataStat Application


--B_ALT_69574efd5e3249.76947991
Content-Type: text/html; charset=UTF-8
Content-Transfer-Encoding: quoted-printable

=0A        &lt;html&gt;=0A        &lt;head&gt;=0A            &lt;style&gt;=0A                =
body { font-family: Arial, sans-serif; line-height: 1.6; color: #333; }=0A =
               .container { max-width: 600px; margin: 0 auto; padding: 20px=
; }=0A                .header { background-color: #007bff; color: white; pa=
dding: 20px; text-align: center; }=0A                .content { padding: 20=
px; background-color: #f8f9fa; }=0A                .footer { background-col=
or: #e9ecef; padding: 10px; text-align: center; font-size: 12px; }=0A      =
      &lt;/style&gt;=0A        &lt;/head&gt;=0A        &lt;body&gt;=0A            &lt;div class=
=3D&#039;container&#039;&gt;=0A                &lt;div class=3D&#039;header&#039;&gt;=0A                =
    &lt;h1&gt;Welcome to stata&lt;/h1&gt;=0A                &lt;/div&gt;=0A                &lt;d=
iv class=3D&#039;content&#039;&gt;=0A                    &lt;h2&gt;Hello Gilang Rizky Ramadhan=
,&lt;/h2&gt;=0A                    &lt;p&gt;You have been invited to join the &lt;strong&gt;s=
tata&lt;/strong&gt; workspace as a &lt;strong&gt;Owner/Administrator&lt;/strong&gt;.&lt;/p&gt;=0A  =
                  &lt;p&gt;Your account has been set up and you now have access t=
o the workspace. You can log in using your existing credentials.&lt;/p&gt;=0A    =
                =0A                    &lt;p&gt;As a Owner/Administrator, you wil=
l have the following permissions:&lt;/p&gt;=0A                    &lt;ul&gt;&lt;li&gt;View al=
l data and dashboards&lt;/li&gt;&lt;li&gt;Access statistics and reports&lt;/li&gt;&lt;/ul&gt;=0A   =
                 &lt;p&gt;If you have any questions, please contact the workspace=
 administrator.&lt;/p&gt;=0A                    &lt;p&gt;Welcome aboard!&lt;/p&gt;=0A        =
        &lt;/div&gt;=0A                &lt;div class=3D&#039;footer&#039;&gt;=0A                 =
   &lt;p&gt;This email was sent by DataStat Application&lt;/p&gt;=0A                &lt;/d=
iv&gt;=0A            &lt;/div&gt;=0A        &lt;/body&gt;=0A        &lt;/html&gt;

--B_ALT_69574efd5e3249.76947991--</pre>
ERROR - 2026-01-02 04:52:22 --> Failed to send invitation email to: gilangrizkyramadhan34@gmail.com
ERROR - 2026-01-02 04:52:22 --> Failed to send invitation email to: gilangrizkyramadhan34@gmail.com
INFO - 2026-01-02 04:52:22 --> Session: Class initialized using 'CodeIgniter\Session\Handlers\FileHandler' driver.
INFO - 2026-01-02 04:52:33 --> Session: Class initialized using 'CodeIgniter\Session\Handlers\FileHandler' driver.
INFO - 2026-01-02 04:52:34 --> Session: Class initialized using 'CodeIgniter\Session\Handlers\FileHandler' driver.
INFO - 2026-01-02 04:52:36 --> Session: Class initialized using 'CodeIgniter\Session\Handlers\FileHandler' driver.
INFO - 2026-01-02 04:52:44 --> Session: Class initialized using 'CodeIgniter\Session\Handlers\FileHandler' driver.
ERROR - 2026-01-02 04:52:48 --> Email: Unable to send email using SMTP. Your server might not be configured to send mail using this method.
ERROR - 2026-01-02 04:52:48 --> 220 smtp.mailtrap.io ESMTP ready

hello: 250-smtp.mailtrap.io
250-SIZE 5242880
250-PIPELINING
250-ENHANCEDSTATUSCODES
250-8BITMIME
250-DSN
250-AUTH PLAIN LOGIN CRAM-MD5
250 STARTTLS

starttls: 220 2.0.0 Start TLS

hello: 250-smtp.mailtrap.io
250-SIZE 5242880
250-PIPELINING
250-ENHANCEDSTATUSCODES
250-8BITMIME
250-DSN
250 AUTH PLAIN LOGIN CRAM-MD5

Failed to authenticate password. Error: 535 5.7.0 Invalid credentials

ERROR - 2026-01-02 04:52:48 --> Failed to send email via SMTP. Error: 220 smtp.mailtrap.io ESMTP ready
<br><pre>hello: 250-smtp.mailtrap.io
250-SIZE 5242880
250-PIPELINING
250-ENHANCEDSTATUSCODES
250-8BITMIME
250-DSN
250-AUTH PLAIN LOGIN CRAM-MD5
250 STARTTLS
</pre><pre>starttls: 220 2.0.0 Start TLS
</pre><pre>hello: 250-smtp.mailtrap.io
250-SIZE 5242880
250-PIPELINING
250-ENHANCEDSTATUSCODES
250-8BITMIME
250-DSN
250 AUTH PLAIN LOGIN CRAM-MD5
</pre>Failed to authenticate password. Error: 535 5.7.0 Invalid credentials
<br>Unable to send email using SMTP. Your server might not be configured to send mail using this method.<br><pre>Date: Fri, 2 Jan 2026 04:52:44 +0000
From: &quot;DataStat Application&quot; &lt;noreply@datastat.com&gt;
Return-Path: &lt;noreply@datastat.com&gt;
To: gilangrizkyramadhan34@gmail.com
Subject: =?UTF-8?Q?Invitation=20to=20join=20stata=20workspace?=
Reply-To: &lt;noreply@datastat.com&gt;
User-Agent: CodeIgniter
X-Sender: noreply@datastat.com
X-Mailer: CodeIgniter
X-Priority: 3 (Normal)
Message-ID: &lt;69574f1ceb4146.01413013@datastat.com&gt;
Mime-Version: 1.0


Content-Type: multipart/alternative; boundary=&quot;B_ALT_69574f1ceb4295.51363388&quot;

This is a multi-part message in MIME format.
Your email application may not support this format.

--B_ALT_69574f1ceb4295.51363388
Content-Type: text/plain; charset=UTF-8
Content-Transfer-Encoding: 8bit

Welcome to stata


 Hello Gilang Rizky Ramadhan,
 You have been invited to join the stata workspace as a Owner/Administrator.
 Your account has been set up and you now have access to the workspace. You
can log in using your existing credentials.
 Personal message from the workspace owner:tst
 As a Owner/Administrator, you will have the following permissions:
 View all data and dashboardsAccess statistics and reports
 If you have any questions, please contact the workspace administrator.
 Welcome aboard!


 This email was sent by DataStat Application


--B_ALT_69574f1ceb4295.51363388
Content-Type: text/html; charset=UTF-8
Content-Transfer-Encoding: quoted-printable

=0A        &lt;html&gt;=0A        &lt;head&gt;=0A            &lt;style&gt;=0A                =
body { font-family: Arial, sans-serif; line-height: 1.6; color: #333; }=0A =
               .container { max-width: 600px; margin: 0 auto; padding: 20px=
; }=0A                .header { background-color: #007bff; color: white; pa=
dding: 20px; text-align: center; }=0A                .content { padding: 20=
px; background-color: #f8f9fa; }=0A                .footer { background-col=
or: #e9ecef; padding: 10px; text-align: center; font-size: 12px; }=0A      =
      &lt;/style&gt;=0A        &lt;/head&gt;=0A        &lt;body&gt;=0A            &lt;div class=
=3D&#039;container&#039;&gt;=0A                &lt;div class=3D&#039;header&#039;&gt;=0A                =
    &lt;h1&gt;Welcome to stata&lt;/h1&gt;=0A                &lt;/div&gt;=0A                &lt;d=
iv class=3D&#039;content&#039;&gt;=0A                    &lt;h2&gt;Hello Gilang Rizky Ramadhan=
,&lt;/h2&gt;=0A                    &lt;p&gt;You have been invited to join the &lt;strong&gt;s=
tata&lt;/strong&gt; workspace as a &lt;strong&gt;Owner/Administrator&lt;/strong&gt;.&lt;/p&gt;=0A  =
                  &lt;p&gt;Your account has been set up and you now have access t=
o the workspace. You can log in using your existing credentials.&lt;/p&gt;=0A    =
                &lt;p&gt;&lt;strong&gt;Personal message from the workspace owner:&lt;/stro=
ng&gt;&lt;br&gt;tst&lt;/p&gt;=0A                    &lt;p&gt;As a Owner/Administrator, you will =
have the following permissions:&lt;/p&gt;=0A                    &lt;ul&gt;&lt;li&gt;View all =
data and dashboards&lt;/li&gt;&lt;li&gt;Access statistics and reports&lt;/li&gt;&lt;/ul&gt;=0A     =
               &lt;p&gt;If you have any questions, please contact the workspace a=
dministrator.&lt;/p&gt;=0A                    &lt;p&gt;Welcome aboard!&lt;/p&gt;=0A          =
      &lt;/div&gt;=0A                &lt;div class=3D&#039;footer&#039;&gt;=0A                   =
 &lt;p&gt;This email was sent by DataStat Application&lt;/p&gt;=0A                &lt;/div=
&gt;=0A            &lt;/div&gt;=0A        &lt;/body&gt;=0A        &lt;/html&gt;

--B_ALT_69574f1ceb4295.51363388--</pre>
ERROR - 2026-01-02 04:52:48 --> Failed to send invitation email to: gilangrizkyramadhan34@gmail.com
ERROR - 2026-01-02 04:52:48 --> Failed to send invitation email to: gilangrizkyramadhan34@gmail.com
INFO - 2026-01-02 04:52:49 --> Session: Class initialized using 'CodeIgniter\Session\Handlers\FileHandler' driver.
INFO - 2026-01-02 04:53:06 --> Session: Class initialized using 'CodeIgniter\Session\Handlers\FileHandler' driver.
INFO - 2026-01-02 04:53:06 --> Session: Class initialized using 'CodeIgniter\Session\Handlers\FileHandler' driver.
INFO - 2026-01-02 04:55:17 --> Session: Class initialized using 'CodeIgniter\Session\Handlers\FileHandler' driver.
INFO - 2026-01-02 04:55:18 --> Session: Class initialized using 'CodeIgniter\Session\Handlers\FileHandler' driver.
INFO - 2026-01-02 04:55:18 --> Session: Class initialized using 'CodeIgniter\Session\Handlers\FileHandler' driver.
INFO - 2026-01-02 04:55:19 --> Session: Class initialized using 'CodeIgniter\Session\Handlers\FileHandler' driver.
INFO - 2026-01-02 04:55:19 --> Session: Class initialized using 'CodeIgniter\Session\Handlers\FileHandler' driver.
INFO - 2026-01-02 04:55:19 --> Session: Class initialized using 'CodeIgniter\Session\Handlers\FileHandler' driver.
INFO - 2026-01-02 04:55:20 --> Session: Class initialized using 'CodeIgniter\Session\Handlers\FileHandler' driver.
INFO - 2026-01-02 04:55:20 --> Session: Class initialized using 'CodeIgniter\Session\Handlers\FileHandler' driver.
INFO - 2026-01-02 04:55:20 --> Session: Class initialized using 'CodeIgniter\Session\Handlers\FileHandler' driver.
INFO - 2026-01-02 04:55:21 --> Session: Class initialized using 'CodeIgniter\Session\Handlers\FileHandler' driver.
INFO - 2026-01-02 04:55:21 --> Session: Class initialized using 'CodeIgniter\Session\Handlers\FileHandler' driver.
INFO - 2026-01-02 04:55:21 --> Session: Class initialized using 'CodeIgniter\Session\Handlers\FileHandler' driver.
INFO - 2026-01-02 04:55:22 --> Session: Class initialized using 'CodeIgniter\Session\Handlers\FileHandler' driver.
INFO - 2026-01-02 04:55:22 --> Session: Class initialized using 'CodeIgniter\Session\Handlers\FileHandler' driver.
INFO - 2026-01-02 04:55:22 --> Session: Class initialized using 'CodeIgniter\Session\Handlers\FileHandler' driver.
INFO - 2026-01-02 04:55:23 --> Session: Class initialized using 'CodeIgniter\Session\Handlers\FileHandler' driver.
INFO - 2026-01-02 04:55:23 --> Session: Class initialized using 'CodeIgniter\Session\Handlers\FileHandler' driver.
INFO - 2026-01-02 04:55:29 --> Session: Class initialized using 'CodeIgniter\Session\Handlers\FileHandler' driver.
INFO - 2026-01-02 04:55:32 --> Session: Class initialized using 'CodeIgniter\Session\Handlers\FileHandler' driver.
INFO - 2026-01-02 04:55:38 --> Session: Class initialized using 'CodeIgniter\Session\Handlers\FileHandler' driver.
ERROR - 2026-01-02 04:55:42 --> Email: Unable to send email using SMTP. Your server might not be configured to send mail using this method.
ERROR - 2026-01-02 04:55:42 --> 220 smtp.mailtrap.io ESMTP ready

hello: 250-smtp.mailtrap.io
250-SIZE 5242880
250-PIPELINING
250-ENHANCEDSTATUSCODES
250-8BITMIME
250-DSN
250-AUTH PLAIN LOGIN CRAM-MD5
250 STARTTLS

starttls: 220 2.0.0 Start TLS

hello: 250-smtp.mailtrap.io
250-SIZE 5242880
250-PIPELINING
250-ENHANCEDSTATUSCODES
250-8BITMIME
250-DSN
250 AUTH PLAIN LOGIN CRAM-MD5

Failed to authenticate password. Error: 535 5.7.0 Invalid credentials

ERROR - 2026-01-02 04:55:42 --> Failed to send email via SMTP. Error: 220 smtp.mailtrap.io ESMTP ready
<br><pre>hello: 250-smtp.mailtrap.io
250-SIZE 5242880
250-PIPELINING
250-ENHANCEDSTATUSCODES
250-8BITMIME
250-DSN
250-AUTH PLAIN LOGIN CRAM-MD5
250 STARTTLS
</pre><pre>starttls: 220 2.0.0 Start TLS
</pre><pre>hello: 250-smtp.mailtrap.io
250-SIZE 5242880
250-PIPELINING
250-ENHANCEDSTATUSCODES
250-8BITMIME
250-DSN
250 AUTH PLAIN LOGIN CRAM-MD5
</pre>Failed to authenticate password. Error: 535 5.7.0 Invalid credentials
<br>Unable to send email using SMTP. Your server might not be configured to send mail using this method.<br><pre>Date: Fri, 2 Jan 2026 04:55:38 +0000
From: &quot;DataStat Application&quot; &lt;noreply@datastat.com&gt;
Return-Path: &lt;noreply@datastat.com&gt;
To: gilangrizkyramadhan34@gmail.com
Subject: =?UTF-8?Q?Invitation=20to=20join=20stata=20workspace?=
Reply-To: &lt;noreply@datastat.com&gt;
User-Agent: CodeIgniter
X-Sender: noreply@datastat.com
X-Mailer: CodeIgniter
X-Priority: 3 (Normal)
Message-ID: &lt;69574fcac730b5.81009420@datastat.com&gt;
Mime-Version: 1.0


Content-Type: multipart/alternative; boundary=&quot;B_ALT_69574fcac731e1.98531172&quot;

This is a multi-part message in MIME format.
Your email application may not support this format.

--B_ALT_69574fcac731e1.98531172
Content-Type: text/plain; charset=UTF-8
Content-Transfer-Encoding: 8bit

Welcome to stata


 Hello Gilang Rizky Ramadhan,
 You have been invited to join the stata workspace as a Owner/Administrator.
 Your account has been set up and you now have access to the workspace. You
can log in using your existing credentials.
 Personal message from the workspace owner:tst
 As a Owner/Administrator, you will have the following permissions:
 View all data and dashboardsAccess statistics and reports
 If you have any questions, please contact the workspace administrator.
 Welcome aboard!


 This email was sent by DataStat Application


--B_ALT_69574fcac731e1.98531172
Content-Type: text/html; charset=UTF-8
Content-Transfer-Encoding: quoted-printable

=0A        &lt;html&gt;=0A        &lt;head&gt;=0A            &lt;style&gt;=0A                =
body { font-family: Arial, sans-serif; line-height: 1.6; color: #333; }=0A =
               .container { max-width: 600px; margin: 0 auto; padding: 20px=
; }=0A                .header { background-color: #007bff; color: white; pa=
dding: 20px; text-align: center; }=0A                .content { padding: 20=
px; background-color: #f8f9fa; }=0A                .footer { background-col=
or: #e9ecef; padding: 10px; text-align: center; font-size: 12px; }=0A      =
      &lt;/style&gt;=0A        &lt;/head&gt;=0A        &lt;body&gt;=0A            &lt;div class=
=3D&#039;container&#039;&gt;=0A                &lt;div class=3D&#039;header&#039;&gt;=0A                =
    &lt;h1&gt;Welcome to stata&lt;/h1&gt;=0A                &lt;/div&gt;=0A                &lt;d=
iv class=3D&#039;content&#039;&gt;=0A                    &lt;h2&gt;Hello Gilang Rizky Ramadhan=
,&lt;/h2&gt;=0A                    &lt;p&gt;You have been invited to join the &lt;strong&gt;s=
tata&lt;/strong&gt; workspace as a &lt;strong&gt;Owner/Administrator&lt;/strong&gt;.&lt;/p&gt;=0A  =
                  &lt;p&gt;Your account has been set up and you now have access t=
o the workspace. You can log in using your existing credentials.&lt;/p&gt;=0A    =
                &lt;p&gt;&lt;strong&gt;Personal message from the workspace owner:&lt;/stro=
ng&gt;&lt;br&gt;tst&lt;/p&gt;=0A                    &lt;p&gt;As a Owner/Administrator, you will =
have the following permissions:&lt;/p&gt;=0A                    &lt;ul&gt;&lt;li&gt;View all =
data and dashboards&lt;/li&gt;&lt;li&gt;Access statistics and reports&lt;/li&gt;&lt;/ul&gt;=0A     =
               &lt;p&gt;If you have any questions, please contact the workspace a=
dministrator.&lt;/p&gt;=0A                    &lt;p&gt;Welcome aboard!&lt;/p&gt;=0A          =
      &lt;/div&gt;=0A                &lt;div class=3D&#039;footer&#039;&gt;=0A                   =
 &lt;p&gt;This email was sent by DataStat Application&lt;/p&gt;=0A                &lt;/div=
&gt;=0A            &lt;/div&gt;=0A        &lt;/body&gt;=0A        &lt;/html&gt;

--B_ALT_69574fcac731e1.98531172--</pre>
ERROR - 2026-01-02 04:55:42 --> Failed to send invitation email to: gilangrizkyramadhan34@gmail.com
INFO - 2026-01-02 04:55:43 --> Session: Class initialized using 'CodeIgniter\Session\Handlers\FileHandler' driver.
INFO - 2026-01-02 04:58:33 --> Session: Class initialized using 'CodeIgniter\Session\Handlers\FileHandler' driver.
INFO - 2026-01-02 04:58:37 --> Session: Class initialized using 'CodeIgniter\Session\Handlers\FileHandler' driver.
INFO - 2026-01-02 04:58:37 --> Session: Class initialized using 'CodeIgniter\Session\Handlers\FileHandler' driver.
INFO - 2026-01-02 04:58:40 --> Session: Class initialized using 'CodeIgniter\Session\Handlers\FileHandler' driver.
INFO - 2026-01-02 04:58:42 --> Session: Class initialized using 'CodeIgniter\Session\Handlers\FileHandler' driver.
INFO - 2026-01-02 04:58:49 --> Session: Class initialized using 'CodeIgniter\Session\Handlers\FileHandler' driver.
INFO - 2026-01-02 04:58:50 --> Email logged successfully to file: email_gilangrizkyramadhan34_gmail_com_2026-01-02_04-58-50.eml
INFO - 2026-01-02 04:58:50 --> Invitation email logged successfully to: gilangrizkyramadhan34@gmail.com
INFO - 2026-01-02 04:58:50 --> Session: Class initialized using 'CodeIgniter\Session\Handlers\FileHandler' driver.
INFO - 2026-01-02 04:59:30 --> Session: Class initialized using 'CodeIgniter\Session\Handlers\FileHandler' driver.
CRITICAL - 2026-01-02 04:59:30 --> ErrorException: Undefined array key "joined_at"
[Method: GET, Route: owner/users/manage-roles/3]
in APPPATH\Views\owner\users\manage_roles.php on line 39.
 1 APPPATH\Views\owner\users\manage_roles.php(39): CodeIgniter\Debug\Exceptions->errorHandler(2, 'Undefined array key "joined_at"', 'C:\\laragon\\www\\DataStat\\app\\Views\\owner\\users\\manage_roles.php', 39)
 2 SYSTEMPATH\View\View.php(234): include('C:\\laragon\\www\\DataStat\\app\\Views\\owner\\users\\manage_roles.php')
 3 SYSTEMPATH\View\View.php(237): CodeIgniter\View\View->CodeIgniter\View\{closure}()
 4 SYSTEMPATH\Common.php(1171): CodeIgniter\View\View->render('owner/users/manage_roles', [], true)
 5 APPPATH\Controllers\Owner\UserManageController.php(213): view('owner/users/manage_roles', [...])
 6 SYSTEMPATH\CodeIgniter.php(933): App\Controllers\Owner\UserManageController->manageRoles('3')
 7 SYSTEMPATH\CodeIgniter.php(509): CodeIgniter\CodeIgniter->runController(Object(App\Controllers\Owner\UserManageController))
 8 SYSTEMPATH\CodeIgniter.php(355): CodeIgniter\CodeIgniter->handleRequest(null, Object(Config\Cache), false)
 9 SYSTEMPATH\Boot.php(325): CodeIgniter\CodeIgniter->run()
10 SYSTEMPATH\Boot.php(67): CodeIgniter\Boot::runCodeIgniter(Object(CodeIgniter\CodeIgniter))
11 FCPATH\index.php(56): CodeIgniter\Boot::bootWeb(Object(Config\Paths))
12 SYSTEMPATH\rewrite.php(44): require_once('C:\\laragon\\www\\DataStat\\public\\index.php')
INFO - 2026-01-02 05:00:46 --> Session: Class initialized using 'CodeIgniter\Session\Handlers\FileHandler' driver.
CRITICAL - 2026-01-02 05:00:46 --> ErrorException: Undefined array key "role_name"
[Method: GET, Route: owner/users/manage-roles/3]
in APPPATH\Views\owner\users\manage_roles.php on line 61.
 1 APPPATH\Views\owner\users\manage_roles.php(61): CodeIgniter\Debug\Exceptions->errorHandler(2, 'Undefined array key "role_name"', 'C:\\laragon\\www\\DataStat\\app\\Views\\owner\\users\\manage_roles.php', 61)
 2 SYSTEMPATH\View\View.php(234): include('C:\\laragon\\www\\DataStat\\app\\Views\\owner\\users\\manage_roles.php')
 3 SYSTEMPATH\View\View.php(237): CodeIgniter\View\View->CodeIgniter\View\{closure}()
 4 SYSTEMPATH\Common.php(1171): CodeIgniter\View\View->render('owner/users/manage_roles', [], true)
 5 APPPATH\Controllers\Owner\UserManageController.php(216): view('owner/users/manage_roles', [...])
 6 SYSTEMPATH\CodeIgniter.php(933): App\Controllers\Owner\UserManageController->manageRoles('3')
 7 SYSTEMPATH\CodeIgniter.php(509): CodeIgniter\CodeIgniter->runController(Object(App\Controllers\Owner\UserManageController))
 8 SYSTEMPATH\CodeIgniter.php(355): CodeIgniter\CodeIgniter->handleRequest(null, Object(Config\Cache), false)
 9 SYSTEMPATH\Boot.php(325): CodeIgniter\CodeIgniter->run()
10 SYSTEMPATH\Boot.php(67): CodeIgniter\Boot::runCodeIgniter(Object(CodeIgniter\CodeIgniter))
11 FCPATH\index.php(56): CodeIgniter\Boot::bootWeb(Object(Config\Paths))
12 SYSTEMPATH\rewrite.php(44): require_once('C:\\laragon\\www\\DataStat\\public\\index.php')
INFO - 2026-01-02 05:00:48 --> Session: Class initialized using 'CodeIgniter\Session\Handlers\FileHandler' driver.
CRITICAL - 2026-01-02 05:00:48 --> ErrorException: Undefined array key "role_name"
[Method: GET, Route: owner/users/manage-roles/3]
in APPPATH\Views\owner\users\manage_roles.php on line 61.
 1 APPPATH\Views\owner\users\manage_roles.php(61): CodeIgniter\Debug\Exceptions->errorHandler(2, 'Undefined array key "role_name"', 'C:\\laragon\\www\\DataStat\\app\\Views\\owner\\users\\manage_roles.php', 61)
 2 SYSTEMPATH\View\View.php(234): include('C:\\laragon\\www\\DataStat\\app\\Views\\owner\\users\\manage_roles.php')
 3 SYSTEMPATH\View\View.php(237): CodeIgniter\View\View->CodeIgniter\View\{closure}()
 4 SYSTEMPATH\Common.php(1171): CodeIgniter\View\View->render('owner/users/manage_roles', [], true)
 5 APPPATH\Controllers\Owner\UserManageController.php(216): view('owner/users/manage_roles', [...])
 6 SYSTEMPATH\CodeIgniter.php(933): App\Controllers\Owner\UserManageController->manageRoles('3')
 7 SYSTEMPATH\CodeIgniter.php(509): CodeIgniter\CodeIgniter->runController(Object(App\Controllers\Owner\UserManageController))
 8 SYSTEMPATH\CodeIgniter.php(355): CodeIgniter\CodeIgniter->handleRequest(null, Object(Config\Cache), false)
 9 SYSTEMPATH\Boot.php(325): CodeIgniter\CodeIgniter->run()
10 SYSTEMPATH\Boot.php(67): CodeIgniter\Boot::runCodeIgniter(Object(CodeIgniter\CodeIgniter))
11 FCPATH\index.php(56): CodeIgniter\Boot::bootWeb(Object(Config\Paths))
12 SYSTEMPATH\rewrite.php(44): require_once('C:\\laragon\\www\\DataStat\\public\\index.php')
INFO - 2026-01-02 05:00:48 --> Session: Class initialized using 'CodeIgniter\Session\Handlers\FileHandler' driver.
CRITICAL - 2026-01-02 05:00:48 --> ErrorException: Undefined array key "role_name"
[Method: GET, Route: owner/users/manage-roles/3]
in APPPATH\Views\owner\users\manage_roles.php on line 61.
 1 APPPATH\Views\owner\users\manage_roles.php(61): CodeIgniter\Debug\Exceptions->errorHandler(2, 'Undefined array key "role_name"', 'C:\\laragon\\www\\DataStat\\app\\Views\\owner\\users\\manage_roles.php', 61)
 2 SYSTEMPATH\View\View.php(234): include('C:\\laragon\\www\\DataStat\\app\\Views\\owner\\users\\manage_roles.php')
 3 SYSTEMPATH\View\View.php(237): CodeIgniter\View\View->CodeIgniter\View\{closure}()
 4 SYSTEMPATH\Common.php(1171): CodeIgniter\View\View->render('owner/users/manage_roles', [], true)
 5 APPPATH\Controllers\Owner\UserManageController.php(216): view('owner/users/manage_roles', [...])
 6 SYSTEMPATH\CodeIgniter.php(933): App\Controllers\Owner\UserManageController->manageRoles('3')
 7 SYSTEMPATH\CodeIgniter.php(509): CodeIgniter\CodeIgniter->runController(Object(App\Controllers\Owner\UserManageController))
 8 SYSTEMPATH\CodeIgniter.php(355): CodeIgniter\CodeIgniter->handleRequest(null, Object(Config\Cache), false)
 9 SYSTEMPATH\Boot.php(325): CodeIgniter\CodeIgniter->run()
10 SYSTEMPATH\Boot.php(67): CodeIgniter\Boot::runCodeIgniter(Object(CodeIgniter\CodeIgniter))
11 FCPATH\index.php(56): CodeIgniter\Boot::bootWeb(Object(Config\Paths))
12 SYSTEMPATH\rewrite.php(44): require_once('C:\\laragon\\www\\DataStat\\public\\index.php')
INFO - 2026-01-02 05:00:49 --> Session: Class initialized using 'CodeIgniter\Session\Handlers\FileHandler' driver.
CRITICAL - 2026-01-02 05:00:49 --> ErrorException: Undefined array key "role_name"
[Method: GET, Route: owner/users/manage-roles/3]
in APPPATH\Views\owner\users\manage_roles.php on line 61.
 1 APPPATH\Views\owner\users\manage_roles.php(61): CodeIgniter\Debug\Exceptions->errorHandler(2, 'Undefined array key "role_name"', 'C:\\laragon\\www\\DataStat\\app\\Views\\owner\\users\\manage_roles.php', 61)
 2 SYSTEMPATH\View\View.php(234): include('C:\\laragon\\www\\DataStat\\app\\Views\\owner\\users\\manage_roles.php')
 3 SYSTEMPATH\View\View.php(237): CodeIgniter\View\View->CodeIgniter\View\{closure}()
 4 SYSTEMPATH\Common.php(1171): CodeIgniter\View\View->render('owner/users/manage_roles', [], true)
 5 APPPATH\Controllers\Owner\UserManageController.php(216): view('owner/users/manage_roles', [...])
 6 SYSTEMPATH\CodeIgniter.php(933): App\Controllers\Owner\UserManageController->manageRoles('3')
 7 SYSTEMPATH\CodeIgniter.php(509): CodeIgniter\CodeIgniter->runController(Object(App\Controllers\Owner\UserManageController))
 8 SYSTEMPATH\CodeIgniter.php(355): CodeIgniter\CodeIgniter->handleRequest(null, Object(Config\Cache), false)
 9 SYSTEMPATH\Boot.php(325): CodeIgniter\CodeIgniter->run()
10 SYSTEMPATH\Boot.php(67): CodeIgniter\Boot::runCodeIgniter(Object(CodeIgniter\CodeIgniter))
11 FCPATH\index.php(56): CodeIgniter\Boot::bootWeb(Object(Config\Paths))
12 SYSTEMPATH\rewrite.php(44): require_once('C:\\laragon\\www\\DataStat\\public\\index.php')
INFO - 2026-01-02 05:01:33 --> Session: Class initialized using 'CodeIgniter\Session\Handlers\FileHandler' driver.
CRITICAL - 2026-01-02 05:01:33 --> ErrorException: Undefined array key "role_description"
[Method: GET, Route: owner/users/manage-roles/3]
in APPPATH\Controllers\Owner\UserManageController.php on line 211.
 1 APPPATH\Controllers\Owner\UserManageController.php(211): CodeIgniter\Debug\Exceptions->errorHandler(2, 'Undefined array key "role_description"', 'C:\\laragon\\www\\DataStat\\app\\Controllers\\Owner\\UserManageController.php', 211)
 2 SYSTEMPATH\CodeIgniter.php(933): App\Controllers\Owner\UserManageController->manageRoles('3')
 3 SYSTEMPATH\CodeIgniter.php(509): CodeIgniter\CodeIgniter->runController(Object(App\Controllers\Owner\UserManageController))
 4 SYSTEMPATH\CodeIgniter.php(355): CodeIgniter\CodeIgniter->handleRequest(null, Object(Config\Cache), false)
 5 SYSTEMPATH\Boot.php(325): CodeIgniter\CodeIgniter->run()
 6 SYSTEMPATH\Boot.php(67): CodeIgniter\Boot::runCodeIgniter(Object(CodeIgniter\CodeIgniter))
 7 FCPATH\index.php(56): CodeIgniter\Boot::bootWeb(Object(Config\Paths))
 8 SYSTEMPATH\rewrite.php(44): require_once('C:\\laragon\\www\\DataStat\\public\\index.php')
INFO - 2026-01-02 05:01:36 --> Session: Class initialized using 'CodeIgniter\Session\Handlers\FileHandler' driver.
CRITICAL - 2026-01-02 05:01:36 --> ErrorException: Undefined array key "role_description"
[Method: GET, Route: owner/users/manage-roles/3]
in APPPATH\Controllers\Owner\UserManageController.php on line 211.
 1 APPPATH\Controllers\Owner\UserManageController.php(211): CodeIgniter\Debug\Exceptions->errorHandler(2, 'Undefined array key "role_description"', 'C:\\laragon\\www\\DataStat\\app\\Controllers\\Owner\\UserManageController.php', 211)
 2 SYSTEMPATH\CodeIgniter.php(933): App\Controllers\Owner\UserManageController->manageRoles('3')
 3 SYSTEMPATH\CodeIgniter.php(509): CodeIgniter\CodeIgniter->runController(Object(App\Controllers\Owner\UserManageController))
 4 SYSTEMPATH\CodeIgniter.php(355): CodeIgniter\CodeIgniter->handleRequest(null, Object(Config\Cache), false)
 5 SYSTEMPATH\Boot.php(325): CodeIgniter\CodeIgniter->run()
 6 SYSTEMPATH\Boot.php(67): CodeIgniter\Boot::runCodeIgniter(Object(CodeIgniter\CodeIgniter))
 7 FCPATH\index.php(56): CodeIgniter\Boot::bootWeb(Object(Config\Paths))
 8 SYSTEMPATH\rewrite.php(44): require_once('C:\\laragon\\www\\DataStat\\public\\index.php')
INFO - 2026-01-02 05:01:36 --> Session: Class initialized using 'CodeIgniter\Session\Handlers\FileHandler' driver.
CRITICAL - 2026-01-02 05:01:36 --> ErrorException: Undefined array key "role_description"
[Method: GET, Route: owner/users/manage-roles/3]
in APPPATH\Controllers\Owner\UserManageController.php on line 211.
 1 APPPATH\Controllers\Owner\UserManageController.php(211): CodeIgniter\Debug\Exceptions->errorHandler(2, 'Undefined array key "role_description"', 'C:\\laragon\\www\\DataStat\\app\\Controllers\\Owner\\UserManageController.php', 211)
 2 SYSTEMPATH\CodeIgniter.php(933): App\Controllers\Owner\UserManageController->manageRoles('3')
 3 SYSTEMPATH\CodeIgniter.php(509): CodeIgniter\CodeIgniter->runController(Object(App\Controllers\Owner\UserManageController))
 4 SYSTEMPATH\CodeIgniter.php(355): CodeIgniter\CodeIgniter->handleRequest(null, Object(Config\Cache), false)
 5 SYSTEMPATH\Boot.php(325): CodeIgniter\CodeIgniter->run()
 6 SYSTEMPATH\Boot.php(67): CodeIgniter\Boot::runCodeIgniter(Object(CodeIgniter\CodeIgniter))
 7 FCPATH\index.php(56): CodeIgniter\Boot::bootWeb(Object(Config\Paths))
 8 SYSTEMPATH\rewrite.php(44): require_once('C:\\laragon\\www\\DataStat\\public\\index.php')
INFO - 2026-01-02 05:01:37 --> Session: Class initialized using 'CodeIgniter\Session\Handlers\FileHandler' driver.
CRITICAL - 2026-01-02 05:01:37 --> ErrorException: Undefined array key "role_description"
[Method: GET, Route: owner/users/manage-roles/3]
in APPPATH\Controllers\Owner\UserManageController.php on line 211.
 1 APPPATH\Controllers\Owner\UserManageController.php(211): CodeIgniter\Debug\Exceptions->errorHandler(2, 'Undefined array key "role_description"', 'C:\\laragon\\www\\DataStat\\app\\Controllers\\Owner\\UserManageController.php', 211)
 2 SYSTEMPATH\CodeIgniter.php(933): App\Controllers\Owner\UserManageController->manageRoles('3')
 3 SYSTEMPATH\CodeIgniter.php(509): CodeIgniter\CodeIgniter->runController(Object(App\Controllers\Owner\UserManageController))
 4 SYSTEMPATH\CodeIgniter.php(355): CodeIgniter\CodeIgniter->handleRequest(null, Object(Config\Cache), false)
 5 SYSTEMPATH\Boot.php(325): CodeIgniter\CodeIgniter->run()
 6 SYSTEMPATH\Boot.php(67): CodeIgniter\Boot::runCodeIgniter(Object(CodeIgniter\CodeIgniter))
 7 FCPATH\index.php(56): CodeIgniter\Boot::bootWeb(Object(Config\Paths))
 8 SYSTEMPATH\rewrite.php(44): require_once('C:\\laragon\\www\\DataStat\\public\\index.php')
INFO - 2026-01-02 05:01:37 --> Session: Class initialized using 'CodeIgniter\Session\Handlers\FileHandler' driver.
CRITICAL - 2026-01-02 05:01:37 --> ErrorException: Undefined array key "role_description"
[Method: GET, Route: owner/users/manage-roles/3]
in APPPATH\Controllers\Owner\UserManageController.php on line 211.
 1 APPPATH\Controllers\Owner\UserManageController.php(211): CodeIgniter\Debug\Exceptions->errorHandler(2, 'Undefined array key "role_description"', 'C:\\laragon\\www\\DataStat\\app\\Controllers\\Owner\\UserManageController.php', 211)
 2 SYSTEMPATH\CodeIgniter.php(933): App\Controllers\Owner\UserManageController->manageRoles('3')
 3 SYSTEMPATH\CodeIgniter.php(509): CodeIgniter\CodeIgniter->runController(Object(App\Controllers\Owner\UserManageController))
 4 SYSTEMPATH\CodeIgniter.php(355): CodeIgniter\CodeIgniter->handleRequest(null, Object(Config\Cache), false)
 5 SYSTEMPATH\Boot.php(325): CodeIgniter\CodeIgniter->run()
 6 SYSTEMPATH\Boot.php(67): CodeIgniter\Boot::runCodeIgniter(Object(CodeIgniter\CodeIgniter))
 7 FCPATH\index.php(56): CodeIgniter\Boot::bootWeb(Object(Config\Paths))
 8 SYSTEMPATH\rewrite.php(44): require_once('C:\\laragon\\www\\DataStat\\public\\index.php')
INFO - 2026-01-02 05:01:37 --> Session: Class initialized using 'CodeIgniter\Session\Handlers\FileHandler' driver.
CRITICAL - 2026-01-02 05:01:37 --> ErrorException: Undefined array key "role_description"
[Method: GET, Route: owner/users/manage-roles/3]
in APPPATH\Controllers\Owner\UserManageController.php on line 211.
 1 APPPATH\Controllers\Owner\UserManageController.php(211): CodeIgniter\Debug\Exceptions->errorHandler(2, 'Undefined array key "role_description"', 'C:\\laragon\\www\\DataStat\\app\\Controllers\\Owner\\UserManageController.php', 211)
 2 SYSTEMPATH\CodeIgniter.php(933): App\Controllers\Owner\UserManageController->manageRoles('3')
 3 SYSTEMPATH\CodeIgniter.php(509): CodeIgniter\CodeIgniter->runController(Object(App\Controllers\Owner\UserManageController))
 4 SYSTEMPATH\CodeIgniter.php(355): CodeIgniter\CodeIgniter->handleRequest(null, Object(Config\Cache), false)
 5 SYSTEMPATH\Boot.php(325): CodeIgniter\CodeIgniter->run()
 6 SYSTEMPATH\Boot.php(67): CodeIgniter\Boot::runCodeIgniter(Object(CodeIgniter\CodeIgniter))
 7 FCPATH\index.php(56): CodeIgniter\Boot::bootWeb(Object(Config\Paths))
 8 SYSTEMPATH\rewrite.php(44): require_once('C:\\laragon\\www\\DataStat\\public\\index.php')
INFO - 2026-01-02 05:02:03 --> Session: Class initialized using 'CodeIgniter\Session\Handlers\FileHandler' driver.
CRITICAL - 2026-01-02 05:02:03 --> ErrorException: Undefined array key "name"
[Method: GET, Route: owner/users/manage-roles/3]
in APPPATH\Views\owner\users\manage_roles.php on line 85.
 1 APPPATH\Views\owner\users\manage_roles.php(85): CodeIgniter\Debug\Exceptions->errorHandler(2, 'Undefined array key "name"', 'C:\\laragon\\www\\DataStat\\app\\Views\\owner\\users\\manage_roles.php', 85)
 2 SYSTEMPATH\View\View.php(234): include('C:\\laragon\\www\\DataStat\\app\\Views\\owner\\users\\manage_roles.php')
 3 SYSTEMPATH\View\View.php(237): CodeIgniter\View\View->CodeIgniter\View\{closure}()
 4 SYSTEMPATH\Common.php(1171): CodeIgniter\View\View->render('owner/users/manage_roles', [], true)
 5 APPPATH\Controllers\Owner\UserManageController.php(229): view('owner/users/manage_roles', [...])
 6 SYSTEMPATH\CodeIgniter.php(933): App\Controllers\Owner\UserManageController->manageRoles('3')
 7 SYSTEMPATH\CodeIgniter.php(509): CodeIgniter\CodeIgniter->runController(Object(App\Controllers\Owner\UserManageController))
 8 SYSTEMPATH\CodeIgniter.php(355): CodeIgniter\CodeIgniter->handleRequest(null, Object(Config\Cache), false)
 9 SYSTEMPATH\Boot.php(325): CodeIgniter\CodeIgniter->run()
10 SYSTEMPATH\Boot.php(67): CodeIgniter\Boot::runCodeIgniter(Object(CodeIgniter\CodeIgniter))
11 FCPATH\index.php(56): CodeIgniter\Boot::bootWeb(Object(Config\Paths))
12 SYSTEMPATH\rewrite.php(44): require_once('C:\\laragon\\www\\DataStat\\public\\index.php')
INFO - 2026-01-02 05:02:05 --> Session: Class initialized using 'CodeIgniter\Session\Handlers\FileHandler' driver.
CRITICAL - 2026-01-02 05:02:05 --> ErrorException: Undefined array key "name"
[Method: GET, Route: owner/users/manage-roles/3]
in APPPATH\Views\owner\users\manage_roles.php on line 85.
 1 APPPATH\Views\owner\users\manage_roles.php(85): CodeIgniter\Debug\Exceptions->errorHandler(2, 'Undefined array key "name"', 'C:\\laragon\\www\\DataStat\\app\\Views\\owner\\users\\manage_roles.php', 85)
 2 SYSTEMPATH\View\View.php(234): include('C:\\laragon\\www\\DataStat\\app\\Views\\owner\\users\\manage_roles.php')
 3 SYSTEMPATH\View\View.php(237): CodeIgniter\View\View->CodeIgniter\View\{closure}()
 4 SYSTEMPATH\Common.php(1171): CodeIgniter\View\View->render('owner/users/manage_roles', [], true)
 5 APPPATH\Controllers\Owner\UserManageController.php(229): view('owner/users/manage_roles', [...])
 6 SYSTEMPATH\CodeIgniter.php(933): App\Controllers\Owner\UserManageController->manageRoles('3')
 7 SYSTEMPATH\CodeIgniter.php(509): CodeIgniter\CodeIgniter->runController(Object(App\Controllers\Owner\UserManageController))
 8 SYSTEMPATH\CodeIgniter.php(355): CodeIgniter\CodeIgniter->handleRequest(null, Object(Config\Cache), false)
 9 SYSTEMPATH\Boot.php(325): CodeIgniter\CodeIgniter->run()
10 SYSTEMPATH\Boot.php(67): CodeIgniter\Boot::runCodeIgniter(Object(CodeIgniter\CodeIgniter))
11 FCPATH\index.php(56): CodeIgniter\Boot::bootWeb(Object(Config\Paths))
12 SYSTEMPATH\rewrite.php(44): require_once('C:\\laragon\\www\\DataStat\\public\\index.php')
INFO - 2026-01-02 05:03:13 --> Session: Class initialized using 'CodeIgniter\Session\Handlers\FileHandler' driver.
INFO - 2026-01-02 05:03:23 --> Session: Class initialized using 'CodeIgniter\Session\Handlers\FileHandler' driver.
INFO - 2026-01-02 05:03:25 --> Session: Class initialized using 'CodeIgniter\Session\Handlers\FileHandler' driver.
INFO - 2026-01-02 05:03:28 --> Session: Class initialized using 'CodeIgniter\Session\Handlers\FileHandler' driver.
INFO - 2026-01-02 05:03:30 --> Session: Class initialized using 'CodeIgniter\Session\Handlers\FileHandler' driver.
INFO - 2026-01-02 05:03:34 --> Session: Class initialized using 'CodeIgniter\Session\Handlers\FileHandler' driver.
INFO - 2026-01-02 05:03:40 --> Session: Class initialized using 'CodeIgniter\Session\Handlers\FileHandler' driver.
INFO - 2026-01-02 05:03:45 --> Session: Class initialized using 'CodeIgniter\Session\Handlers\FileHandler' driver.
INFO - 2026-01-02 05:03:45 --> Session: Class initialized using 'CodeIgniter\Session\Handlers\FileHandler' driver.
INFO - 2026-01-02 05:05:15 --> Session: Class initialized using 'CodeIgniter\Session\Handlers\FileHandler' driver.
INFO - 2026-01-02 05:05:21 --> Session: Class initialized using 'CodeIgniter\Session\Handlers\FileHandler' driver.
INFO - 2026-01-02 05:05:26 --> Session: Class initialized using 'CodeIgniter\Session\Handlers\FileHandler' driver.
INFO - 2026-01-02 05:05:29 --> Session: Class initialized using 'CodeIgniter\Session\Handlers\FileHandler' driver.
INFO - 2026-01-02 05:05:29 --> Session: Class initialized using 'CodeIgniter\Session\Handlers\FileHandler' driver.
